<?xml version="1.0" encoding="UTF-8"?>
<databaseChangeLog
    xmlns="http://www.liquibase.org/xml/ns/dbchangelog"
    xmlns:xsi="http://www.w3.org/2001/XMLSchema-instance"
    xsi:schemaLocation="http://www.liquibase.org/xml/ns/dbchangelog
                      http://www.liquibase.org/xml/ns/dbchangelog/dbchangelog-4.24.xsd">

  <changeSet id="init-composers" author="dip4rip">
    <sql>
      insert into composers (name) values ('Bink Saura');
      insert into composers (name) values ('Joeann Daville');
      insert into composers (name) values ('Edita Passo');
      insert into composers (name) values ('Yvette Gislebert');
      insert into composers (name) values ('Gayel Antoniewski');
      insert into composers (name) values ('Padgett Taggert');
      insert into composers (name) values ('Brandy Duesbury');
      insert into composers (name) values ('Nora Leisman');
      insert into composers (name) values ('Delbert Sans');
      insert into composers (name) values ('Christi O''Henecan');
      insert into composers (name) values ('Emelda Summersby');
      insert into composers (name) values ('Mischa Kinsman');
      insert into composers (name) values ('Loleta Wordley');
      insert into composers (name) values ('Dewitt Cremer');
      insert into composers (name) values ('Valencia Meller');
      insert into composers (name) values ('Leslie Dinan');
      insert into composers (name) values ('Gonzalo Dallemore');
      insert into composers (name) values ('Mabelle Crenshaw');
      insert into composers (name) values ('Vanni Ibarra');
      insert into composers (name) values ('Faunie Wyndham');
      insert into composers (name) values ('Kristien Girod');
      insert into composers (name) values ('Dulcinea Mailey');
      insert into composers (name) values ('Chrystal Jedrys');
      insert into composers (name) values ('Danny Benoiton');
      insert into composers (name) values ('Roselle Adamov');
      insert into composers (name) values ('Say Bools');
      insert into composers (name) values ('Korry Doige');
      insert into composers (name) values ('Phylis Crollman');
      insert into composers (name) values ('Bartlet Kinnaird');
      insert into composers (name) values ('Rodolph Reap');
      insert into composers (name) values ('Aurora Dixie');
      insert into composers (name) values ('Bordy Saltmarsh');
      insert into composers (name) values ('Hilario Scandrett');
      insert into composers (name) values ('Frederik Milhench');
      insert into composers (name) values ('Yancey Lebond');
      insert into composers (name) values ('Geno Dubbin');
      insert into composers (name) values ('Fernandina Scawton');
      insert into composers (name) values ('Erie Maccrie');
      insert into composers (name) values ('Calla Brownsworth');
      insert into composers (name) values ('Isidoro Adnam');
      insert into composers (name) values ('Alex Gealle');
      insert into composers (name) values ('Crosby Ladds');
      insert into composers (name) values ('Dru Strover');
      insert into composers (name) values ('Ailene Melesk');
      insert into composers (name) values ('Farlay Spence');
      insert into composers (name) values ('Rozina Enever');
      insert into composers (name) values ('Margarethe Dohrmann');
      insert into composers (name) values ('Ugo Brunning');
      insert into composers (name) values ('Sloane Krochmann');
      insert into composers (name) values ('Zachary Etchells');

    </sql>
  </changeSet>

  <changeSet id="init-genres" author="dip4rip">
    <sql>
      insert into genres (name)
      values ('Рок');
      insert into genres (name)
      values ('Поп');
      insert into genres (name)
      values ('Металл');
    </sql>
  </changeSet>

  <changeSet id="init-media-type" author="dip4rip">
    <sql>
      insert into media_types (name) values ('Касета');
      insert into media_types (name) values ('CD');
    </sql>
  </changeSet>

  <changeSet id="init-performers" author="dip4rip">
    <sql>
      insert into performers (name) values ('Green, Daniel and Pollich');
      insert into performers (name) values ('O''Reilly, Jakubowski and Labadie');
      insert into performers (name) values ('Nikolaus-Cummings');
      insert into performers (name) values ('Little-Swaniawski');
      insert into performers (name) values ('Collins LLC');
      insert into performers (name) values ('Stiedemann-Trantow');
      insert into performers (name) values ('Skiles, Mosciski and Schaefer');
      insert into performers (name) values ('Ullrich Group');
      insert into performers (name) values ('Weissnat-Pfannerstill');
      insert into performers (name) values ('O''Kon Group');
      insert into performers (name) values ('Marquardt Inc');
      insert into performers (name) values ('McKenzie-Kutch');
      insert into performers (name) values ('Howe Group');
      insert into performers (name) values ('Boyle LLC');
      insert into performers (name) values ('Lind and Sons');
      insert into performers (name) values ('Kuphal, Brakus and Hodkiewicz');
      insert into performers (name) values ('Schmeler-Koss');
      insert into performers (name) values ('Schaden Inc');
      insert into performers (name) values ('Tremblay-DuBuque');
      insert into performers (name) values ('Predovic, Dooley and Balistreri');
      insert into performers (name) values ('Sanford Inc');
      insert into performers (name) values ('Schneider, Harris and Lang');
      insert into performers (name) values ('Huels Inc');
      insert into performers (name) values ('Cremin, Schaefer and Green');
      insert into performers (name) values ('Hermiston, Sporer and Kertzmann');
      insert into performers (name) values ('McDermott, Wunsch and Reilly');
      insert into performers (name) values ('Rice-Fadel');
      insert into performers (name) values ('Turcotte LLC');
      insert into performers (name) values ('Altenwerth, Heathcote and VonRueden');
      insert into performers (name) values ('Rutherford and Sons');
      insert into performers (name) values ('Gulgowski-Parker');
      insert into performers (name) values ('Tremblay-Schneider');
      insert into performers (name) values ('Stracke Group');
      insert into performers (name) values ('Kohler Inc');
      insert into performers (name) values ('Sanford, Baumbach and Sipes');
      insert into performers (name) values ('Senger LLC');
      insert into performers (name) values ('Howell LLC');
      insert into performers (name) values ('Hills LLC');
      insert into performers (name) values ('Rempel LLC');
      insert into performers (name) values ('Hessel LLC');
      insert into performers (name) values ('Jacobi-Parisian');
      insert into performers (name) values ('Rodriguez, Zulauf and Waelchi');
      insert into performers (name) values ('MacGyver LLC');
      insert into performers (name) values ('Marks, Lesch and Bartoletti');
      insert into performers (name) values ('Bartell, Upton and Rice');
      insert into performers (name) values ('Crona, Murazik and Bartell');
      insert into performers (name) values ('Harvey Inc');
      insert into performers (name) values ('Kautzer Inc');
      insert into performers (name) values ('Russel Inc');
      insert into performers (name) values ('Schuppe, Schaden and Weimann');
    </sql>
  </changeSet>

  <changeSet id="init-users" author="dip4rip">
    <sql>
      insert into users (full_name, address, phone, login, password) values ('Вася Пупкин', 'Улица Пушкина', '+79999999999', 'root', 'root');
    </sql>
  </changeSet>

  <changeSet id="init-record_labels" author="dip4rip">
    <sql>
      insert into record_labels (name) values ('King, Pacocha and Lehner');
      insert into record_labels (name) values ('Grant LLC');
      insert into record_labels (name) values ('Goyette-Fay');
      insert into record_labels (name) values ('Moore LLC');
      insert into record_labels (name) values ('Okuneva Group');
      insert into record_labels (name) values ('Cruickshank and Sons');
      insert into record_labels (name) values ('Larkin-Prosacco');
      insert into record_labels (name) values ('Monahan LLC');
      insert into record_labels (name) values ('Fritsch Group');
      insert into record_labels (name) values ('Wunsch Group');
      insert into record_labels (name) values ('Goodwin Inc');
      insert into record_labels (name) values ('Boyle, Grimes and Grimes');
      insert into record_labels (name) values ('Mertz, Altenwerth and Mante');
      insert into record_labels (name) values ('Legros, Ziemann and Rolfson');
      insert into record_labels (name) values ('Heller and Sons');
      insert into record_labels (name) values ('Wolff Group');
      insert into record_labels (name) values ('O''Conner Inc');
      insert into record_labels (name) values ('Schmeler, Skiles and Rodriguez');
      insert into record_labels (name) values ('Gutkowski, Langosh and Schmidt');
      insert into record_labels (name) values ('Lemke Inc');
      insert into record_labels (name) values ('Medhurst-Mueller');
      insert into record_labels (name) values ('Frami Group');
      insert into record_labels (name) values ('Maggio-Rodriguez');
      insert into record_labels (name) values ('Dibbert-Hamill');
      insert into record_labels (name) values ('Borer Inc');
      insert into record_labels (name) values ('Bayer-Hoppe');
      insert into record_labels (name) values ('Ernser-Huels');
      insert into record_labels (name) values ('Kutch-Jast');
      insert into record_labels (name) values ('Kiehn-Hansen');
      insert into record_labels (name) values ('Schamberger-Nitzsche');
      insert into record_labels (name) values ('Tillman and Sons');
      insert into record_labels (name) values ('Schultz, Heaney and Pacocha');
      insert into record_labels (name) values ('Greenholt-Hayes');
      insert into record_labels (name) values ('Kuvalis LLC');
      insert into record_labels (name) values ('Fahey and Sons');
      insert into record_labels (name) values ('Kerluke, Hermann and Bashirian');
      insert into record_labels (name) values ('Harris, Schimmel and Wisozk');
      insert into record_labels (name) values ('Pfeffer Inc');
      insert into record_labels (name) values ('Beer LLC');
      insert into record_labels (name) values ('Mayert-Hand');
      insert into record_labels (name) values ('Botsford and Sons');
      insert into record_labels (name) values ('Terry, Zieme and Feeney');
      insert into record_labels (name) values ('Hane-Upton');
      insert into record_labels (name) values ('Crooks and Sons');
      insert into record_labels (name) values ('Daniel-Thiel');
      insert into record_labels (name) values ('Ratke, Tromp and Corwin');
      insert into record_labels (name) values ('Bogisich-Brekke');
      insert into record_labels (name) values ('Jacobi and Sons');
      insert into record_labels (name) values ('Fahey-Price');
      insert into record_labels (name) values ('Ernser-Stark');
    </sql>
  </changeSet>

  <changeSet id="init-music" author="dip4rip">
    <sql>
      insert into music (genre_id, title, performer_id, composer_id, media_type_id, record_label_id, recording_date) values (2, 'Centrocercus urophasianus', 41, 46, 1, 11, '2018-03-15');
      insert into music (genre_id, title, performer_id, composer_id, media_type_id, record_label_id, recording_date) values (3, 'Ursus maritimus', 27, 40, 1, 20, '2016-08-05');
      insert into music (genre_id, title, performer_id, composer_id, media_type_id, record_label_id, recording_date) values (3, 'Alouatta seniculus', 18, 12, 1, 43, '2009-12-04');
      insert into music (genre_id, title, performer_id, composer_id, media_type_id, record_label_id, recording_date) values (1, 'Ninox superciliaris', 14, 14, 2, 35, '2011-02-17');
      insert into music (genre_id, title, performer_id, composer_id, media_type_id, record_label_id, recording_date) values (1, 'Morelia spilotes variegata', 43, 49, 1, 36, '2011-08-26');
      insert into music (genre_id, title, performer_id, composer_id, media_type_id, record_label_id, recording_date) values (1, 'Fulica cristata', 12, 41, 1, 23, '2012-04-01');
      insert into music (genre_id, title, performer_id, composer_id, media_type_id, record_label_id, recording_date) values (2, 'Aepyceros mylampus', 49, 6, 2, 19, '2014-12-27');
      insert into music (genre_id, title, performer_id, composer_id, media_type_id, record_label_id, recording_date) values (2, 'Oxybelis fulgidus', 17, 17, 2, 31, '2010-01-30');
      insert into music (genre_id, title, performer_id, composer_id, media_type_id, record_label_id, recording_date) values (2, 'Anitibyx armatus', 29, 21, 1, 11, '2017-09-12');
      insert into music (genre_id, title, performer_id, composer_id, media_type_id, record_label_id, recording_date) values (2, 'Kobus defassa', 13, 39, 2, 14, '2012-02-19');
      insert into music (genre_id, title, performer_id, composer_id, media_type_id, record_label_id, recording_date) values (2, 'unavailable', 21, 28, 2, 29, '2014-04-13');
      insert into music (genre_id, title, performer_id, composer_id, media_type_id, record_label_id, recording_date) values (1, 'Lasiorhinus latifrons', 12, 6, 2, 5, '2009-01-29');
      insert into music (genre_id, title, performer_id, composer_id, media_type_id, record_label_id, recording_date) values (3, 'Ara ararauna', 6, 36, 2, 32, '2009-01-18');
      insert into music (genre_id, title, performer_id, composer_id, media_type_id, record_label_id, recording_date) values (1, 'Halcyon smyrnesis', 46, 19, 2, 8, '2003-09-01');
      insert into music (genre_id, title, performer_id, composer_id, media_type_id, record_label_id, recording_date) values (1, 'Herpestes javanicus', 30, 48, 1, 5, '2000-12-26');
      insert into music (genre_id, title, performer_id, composer_id, media_type_id, record_label_id, recording_date) values (2, 'Tachyglossus aculeatus', 25, 26, 2, 19, '2006-03-30');
      insert into music (genre_id, title, performer_id, composer_id, media_type_id, record_label_id, recording_date) values (2, 'Funambulus pennati', 47, 4, 1, 15, '2018-09-15');
      insert into music (genre_id, title, performer_id, composer_id, media_type_id, record_label_id, recording_date) values (2, 'Aegypius occipitalis', 47, 35, 1, 6, '2020-03-26');
      insert into music (genre_id, title, performer_id, composer_id, media_type_id, record_label_id, recording_date) values (1, 'Bubalornis niger', 8, 21, 1, 20, '2004-05-15');
      insert into music (genre_id, title, performer_id, composer_id, media_type_id, record_label_id, recording_date) values (1, 'Felis wiedi or Leopardus weidi', 1, 37, 1, 36, '2014-01-25');
      insert into music (genre_id, title, performer_id, composer_id, media_type_id, record_label_id, recording_date) values (3, 'Sylvicapra grimma', 31, 11, 1, 43, '2014-01-27');
      insert into music (genre_id, title, performer_id, composer_id, media_type_id, record_label_id, recording_date) values (3, 'Trachyphonus vaillantii', 16, 34, 1, 32, '2018-04-22');
      insert into music (genre_id, title, performer_id, composer_id, media_type_id, record_label_id, recording_date) values (2, 'Antechinus flavipes', 40, 6, 1, 25, '2022-04-21');
      insert into music (genre_id, title, performer_id, composer_id, media_type_id, record_label_id, recording_date) values (3, 'Diomedea irrorata', 4, 46, 1, 40, '2019-12-25');
      insert into music (genre_id, title, performer_id, composer_id, media_type_id, record_label_id, recording_date) values (3, 'Geochelone radiata', 16, 50, 2, 18, '2022-04-08');
      insert into music (genre_id, title, performer_id, composer_id, media_type_id, record_label_id, recording_date) values (2, 'Fregata magnificans', 46, 13, 2, 5, '2006-06-15');
      insert into music (genre_id, title, performer_id, composer_id, media_type_id, record_label_id, recording_date) values (2, 'Orcinus orca', 1, 42, 1, 18, '2009-07-13');
      insert into music (genre_id, title, performer_id, composer_id, media_type_id, record_label_id, recording_date) values (3, 'Nasua narica', 28, 39, 1, 30, '2012-04-11');
      insert into music (genre_id, title, performer_id, composer_id, media_type_id, record_label_id, recording_date) values (3, 'Merops nubicus', 25, 29, 1, 30, '2007-09-10');
      insert into music (genre_id, title, performer_id, composer_id, media_type_id, record_label_id, recording_date) values (1, 'Felis libyca', 46, 17, 2, 22, '2011-03-28');
      insert into music (genre_id, title, performer_id, composer_id, media_type_id, record_label_id, recording_date) values (1, 'Stercorarius longicausus', 1, 27, 1, 47, '2018-04-15');
      insert into music (genre_id, title, performer_id, composer_id, media_type_id, record_label_id, recording_date) values (1, 'Colobus guerza', 8, 30, 1, 2, '2009-02-27');
      insert into music (genre_id, title, performer_id, composer_id, media_type_id, record_label_id, recording_date) values (1, 'Crocodylus niloticus', 7, 48, 1, 11, '2008-11-07');
      insert into music (genre_id, title, performer_id, composer_id, media_type_id, record_label_id, recording_date) values (3, 'Laniaurius atrococcineus', 35, 15, 1, 19, '2020-01-11');
      insert into music (genre_id, title, performer_id, composer_id, media_type_id, record_label_id, recording_date) values (2, 'Vanellus chilensis', 2, 42, 1, 36, '2002-02-04');
      insert into music (genre_id, title, performer_id, composer_id, media_type_id, record_label_id, recording_date) values (2, 'Dacelo novaeguineae', 43, 45, 1, 48, '2018-11-18');
      insert into music (genre_id, title, performer_id, composer_id, media_type_id, record_label_id, recording_date) values (1, 'Vanellus chilensis', 31, 23, 2, 40, '2002-11-13');
      insert into music (genre_id, title, performer_id, composer_id, media_type_id, record_label_id, recording_date) values (2, 'Lemur fulvus', 25, 8, 1, 27, '2004-05-03');
      insert into music (genre_id, title, performer_id, composer_id, media_type_id, record_label_id, recording_date) values (3, 'Pseudocheirus peregrinus', 36, 5, 1, 23, '2011-08-21');
      insert into music (genre_id, title, performer_id, composer_id, media_type_id, record_label_id, recording_date) values (3, 'Hippotragus equinus', 8, 5, 1, 25, '2007-08-06');
      insert into music (genre_id, title, performer_id, composer_id, media_type_id, record_label_id, recording_date) values (3, 'Hyaena hyaena', 10, 33, 2, 43, '2020-03-12');
      insert into music (genre_id, title, performer_id, composer_id, media_type_id, record_label_id, recording_date) values (3, 'Haliaetus vocifer', 2, 30, 2, 36, '2000-11-03');
      insert into music (genre_id, title, performer_id, composer_id, media_type_id, record_label_id, recording_date) values (1, 'Manouria emys', 25, 29, 1, 49, '2022-04-23');
      insert into music (genre_id, title, performer_id, composer_id, media_type_id, record_label_id, recording_date) values (2, 'Crocodylus niloticus', 31, 20, 2, 35, '2006-04-08');
      insert into music (genre_id, title, performer_id, composer_id, media_type_id, record_label_id, recording_date) values (3, 'Canis aureus', 14, 5, 2, 9, '2016-02-24');
      insert into music (genre_id, title, performer_id, composer_id, media_type_id, record_label_id, recording_date) values (1, 'Anas punctata', 5, 2, 2, 26, '2001-09-24');
      insert into music (genre_id, title, performer_id, composer_id, media_type_id, record_label_id, recording_date) values (1, 'Phascolarctos cinereus', 38, 33, 1, 36, '2021-03-20');
      insert into music (genre_id, title, performer_id, composer_id, media_type_id, record_label_id, recording_date) values (2, 'Canis lupus', 25, 18, 1, 2, '2011-10-30');
      insert into music (genre_id, title, performer_id, composer_id, media_type_id, record_label_id, recording_date) values (2, 'Tockus erythrorhyncus', 9, 36, 1, 16, '2002-10-28');
      insert into music (genre_id, title, performer_id, composer_id, media_type_id, record_label_id, recording_date) values (2, 'Macropus agilis', 29, 19, 1, 26, '2018-10-12');
      insert into music (genre_id, title, performer_id, composer_id, media_type_id, record_label_id, recording_date) values (2, 'Echimys chrysurus', 7, 28, 2, 21, '2021-06-23');
      insert into music (genre_id, title, performer_id, composer_id, media_type_id, record_label_id, recording_date) values (3, 'Sula nebouxii', 37, 34, 1, 21, '2004-11-03');
      insert into music (genre_id, title, performer_id, composer_id, media_type_id, record_label_id, recording_date) values (1, 'Crotalus adamanteus', 1, 34, 2, 8, '2010-09-16');
      insert into music (genre_id, title, performer_id, composer_id, media_type_id, record_label_id, recording_date) values (1, 'Threskionis aethiopicus', 24, 1, 1, 46, '2023-02-21');
      insert into music (genre_id, title, performer_id, composer_id, media_type_id, record_label_id, recording_date) values (1, 'Ovis dalli stonei', 10, 17, 1, 44, '2021-08-29');
      insert into music (genre_id, title, performer_id, composer_id, media_type_id, record_label_id, recording_date) values (1, 'Alectura lathami', 31, 27, 2, 43, '2011-06-13');
      insert into music (genre_id, title, performer_id, composer_id, media_type_id, record_label_id, recording_date) values (3, 'Phalacrocorax niger', 3, 45, 2, 16, '2004-05-19');
      insert into music (genre_id, title, performer_id, composer_id, media_type_id, record_label_id, recording_date) values (3, 'Castor fiber', 46, 24, 2, 42, '2017-12-13');
      insert into music (genre_id, title, performer_id, composer_id, media_type_id, record_label_id, recording_date) values (3, 'Upupa epops', 13, 32, 1, 25, '2006-01-03');
      insert into music (genre_id, title, performer_id, composer_id, media_type_id, record_label_id, recording_date) values (2, 'Sagittarius serpentarius', 29, 32, 1, 44, '2023-05-24');
      insert into music (genre_id, title, performer_id, composer_id, media_type_id, record_label_id, recording_date) values (3, 'Felis caracal', 10, 11, 2, 19, '2018-07-03');
      insert into music (genre_id, title, performer_id, composer_id, media_type_id, record_label_id, recording_date) values (2, 'Trachyphonus vaillantii', 32, 29, 2, 9, '2004-06-21');
      insert into music (genre_id, title, performer_id, composer_id, media_type_id, record_label_id, recording_date) values (1, 'Ramphastos tucanus', 10, 37, 1, 14, '2022-09-09');
      insert into music (genre_id, title, performer_id, composer_id, media_type_id, record_label_id, recording_date) values (2, 'Ardea golieth', 26, 43, 2, 22, '2004-06-06');
      insert into music (genre_id, title, performer_id, composer_id, media_type_id, record_label_id, recording_date) values (2, 'Vanellus armatus', 14, 35, 2, 29, '2006-10-13');
      insert into music (genre_id, title, performer_id, composer_id, media_type_id, record_label_id, recording_date) values (2, 'Hystrix indica', 15, 13, 1, 34, '2023-04-09');
      insert into music (genre_id, title, performer_id, composer_id, media_type_id, record_label_id, recording_date) values (1, 'Papio cynocephalus', 2, 14, 1, 25, '2010-05-22');
      insert into music (genre_id, title, performer_id, composer_id, media_type_id, record_label_id, recording_date) values (3, 'Varanus salvator', 45, 29, 1, 3, '2023-08-28');
      insert into music (genre_id, title, performer_id, composer_id, media_type_id, record_label_id, recording_date) values (1, 'Sarcophilus harrisii', 47, 40, 2, 7, '2007-08-12');
      insert into music (genre_id, title, performer_id, composer_id, media_type_id, record_label_id, recording_date) values (3, 'Semnopithecus entellus', 9, 11, 1, 33, '2002-01-05');
      insert into music (genre_id, title, performer_id, composer_id, media_type_id, record_label_id, recording_date) values (1, 'Francolinus swainsonii', 38, 43, 1, 43, '2019-11-16');
      insert into music (genre_id, title, performer_id, composer_id, media_type_id, record_label_id, recording_date) values (3, 'Felis chaus', 49, 21, 1, 40, '2020-06-26');
      insert into music (genre_id, title, performer_id, composer_id, media_type_id, record_label_id, recording_date) values (2, 'Taurotagus oryx', 12, 49, 1, 5, '2005-08-21');
      insert into music (genre_id, title, performer_id, composer_id, media_type_id, record_label_id, recording_date) values (3, 'Phacochoerus aethiopus', 13, 15, 2, 32, '2016-06-13');
      insert into music (genre_id, title, performer_id, composer_id, media_type_id, record_label_id, recording_date) values (1, 'Ornithorhynchus anatinus', 7, 9, 2, 18, '2014-02-20');
      insert into music (genre_id, title, performer_id, composer_id, media_type_id, record_label_id, recording_date) values (3, 'Phalacrocorax niger', 45, 27, 2, 36, '2011-01-27');
      insert into music (genre_id, title, performer_id, composer_id, media_type_id, record_label_id, recording_date) values (2, 'Lorythaixoides concolor', 24, 30, 1, 40, '2022-09-27');
      insert into music (genre_id, title, performer_id, composer_id, media_type_id, record_label_id, recording_date) values (3, 'Sula nebouxii', 8, 1, 1, 39, '2023-12-13');
      insert into music (genre_id, title, performer_id, composer_id, media_type_id, record_label_id, recording_date) values (1, 'Gymnorhina tibicen', 46, 25, 1, 11, '2000-08-21');
      insert into music (genre_id, title, performer_id, composer_id, media_type_id, record_label_id, recording_date) values (2, 'Odocoileus hemionus', 14, 8, 1, 31, '2015-12-06');
      insert into music (genre_id, title, performer_id, composer_id, media_type_id, record_label_id, recording_date) values (1, 'Naja haje', 9, 19, 1, 19, '2021-11-14');
      insert into music (genre_id, title, performer_id, composer_id, media_type_id, record_label_id, recording_date) values (2, 'Castor canadensis', 6, 30, 2, 5, '2009-08-21');
      insert into music (genre_id, title, performer_id, composer_id, media_type_id, record_label_id, recording_date) values (3, 'Toxostoma curvirostre', 49, 26, 1, 6, '2021-07-13');
      insert into music (genre_id, title, performer_id, composer_id, media_type_id, record_label_id, recording_date) values (1, 'Cracticus nigroagularis', 33, 23, 1, 25, '2014-08-04');
      insert into music (genre_id, title, performer_id, composer_id, media_type_id, record_label_id, recording_date) values (2, 'Martes americana', 22, 24, 1, 28, '2023-06-06');
      insert into music (genre_id, title, performer_id, composer_id, media_type_id, record_label_id, recording_date) values (3, 'Zalophus californicus', 32, 17, 1, 35, '2001-03-10');
      insert into music (genre_id, title, performer_id, composer_id, media_type_id, record_label_id, recording_date) values (2, 'Varanus albigularis', 23, 22, 1, 4, '2007-09-29');
      insert into music (genre_id, title, performer_id, composer_id, media_type_id, record_label_id, recording_date) values (2, 'Dendrocitta vagabunda', 2, 20, 1, 16, '2019-09-07');
      insert into music (genre_id, title, performer_id, composer_id, media_type_id, record_label_id, recording_date) values (3, 'Plectopterus gambensis', 32, 45, 2, 37, '2018-07-23');
      insert into music (genre_id, title, performer_id, composer_id, media_type_id, record_label_id, recording_date) values (3, 'Ammospermophilus nelsoni', 4, 8, 1, 7, '2014-05-13');
      insert into music (genre_id, title, performer_id, composer_id, media_type_id, record_label_id, recording_date) values (2, 'Dasyurus maculatus', 14, 39, 1, 44, '2011-01-22');
      insert into music (genre_id, title, performer_id, composer_id, media_type_id, record_label_id, recording_date) values (1, 'Potamochoerus porcus', 45, 50, 1, 30, '2018-01-21');
      insert into music (genre_id, title, performer_id, composer_id, media_type_id, record_label_id, recording_date) values (2, 'Macropus rufogriseus', 1, 37, 2, 35, '2001-04-08');
      insert into music (genre_id, title, performer_id, composer_id, media_type_id, record_label_id, recording_date) values (3, 'Haliaetus leucogaster', 29, 3, 1, 40, '2008-07-18');
      insert into music (genre_id, title, performer_id, composer_id, media_type_id, record_label_id, recording_date) values (2, 'Anthropoides paradisea', 22, 19, 1, 7, '2001-12-29');
      insert into music (genre_id, title, performer_id, composer_id, media_type_id, record_label_id, recording_date) values (2, 'Fratercula corniculata', 9, 9, 2, 39, '2013-03-08');
      insert into music (genre_id, title, performer_id, composer_id, media_type_id, record_label_id, recording_date) values (2, 'Laniaurius atrococcineus', 8, 8, 1, 30, '2005-10-23');
      insert into music (genre_id, title, performer_id, composer_id, media_type_id, record_label_id, recording_date) values (1, 'Paraxerus cepapi', 5, 2, 2, 17, '2018-03-28');
      insert into music (genre_id, title, performer_id, composer_id, media_type_id, record_label_id, recording_date) values (3, 'Tetracerus quadricornis', 45, 16, 1, 37, '2004-03-17');
      insert into music (genre_id, title, performer_id, composer_id, media_type_id, record_label_id, recording_date) values (1, 'Otaria flavescens', 49, 39, 1, 3, '2008-06-22');
      insert into music (genre_id, title, performer_id, composer_id, media_type_id, record_label_id, recording_date) values (2, 'Phalacrocorax albiventer', 27, 16, 1, 19, '2008-03-26');
      insert into music (genre_id, title, performer_id, composer_id, media_type_id, record_label_id, recording_date) values (1, 'Crocodylus niloticus', 39, 43, 2, 23, '2017-07-27');
      insert into music (genre_id, title, performer_id, composer_id, media_type_id, record_label_id, recording_date) values (3, 'Eumetopias jubatus', 17, 36, 1, 28, '2016-01-16');
      insert into music (genre_id, title, performer_id, composer_id, media_type_id, record_label_id, recording_date) values (1, 'Ploceus rubiginosus', 30, 42, 2, 50, '2010-03-23');
      insert into music (genre_id, title, performer_id, composer_id, media_type_id, record_label_id, recording_date) values (2, 'Phascogale calura', 14, 25, 2, 1, '2022-01-09');
      insert into music (genre_id, title, performer_id, composer_id, media_type_id, record_label_id, recording_date) values (2, 'Creagrus furcatus', 9, 25, 2, 16, '2019-06-22');
      insert into music (genre_id, title, performer_id, composer_id, media_type_id, record_label_id, recording_date) values (2, 'Prionace glauca', 48, 24, 2, 40, '2015-05-31');
      insert into music (genre_id, title, performer_id, composer_id, media_type_id, record_label_id, recording_date) values (2, 'Felis silvestris lybica', 32, 12, 1, 24, '2014-05-29');
      insert into music (genre_id, title, performer_id, composer_id, media_type_id, record_label_id, recording_date) values (1, 'Petaurus breviceps', 37, 24, 2, 20, '2018-11-14');
      insert into music (genre_id, title, performer_id, composer_id, media_type_id, record_label_id, recording_date) values (1, 'Spermophilus tridecemlineatus', 25, 29, 2, 49, '2011-09-12');
      insert into music (genre_id, title, performer_id, composer_id, media_type_id, record_label_id, recording_date) values (2, 'Physignathus cocincinus', 37, 8, 2, 12, '2024-03-11');
      insert into music (genre_id, title, performer_id, composer_id, media_type_id, record_label_id, recording_date) values (2, 'Dusicyon thous', 50, 25, 1, 28, '2017-09-22');
      insert into music (genre_id, title, performer_id, composer_id, media_type_id, record_label_id, recording_date) values (2, 'Bubulcus ibis', 46, 45, 2, 31, '2011-07-07');
      insert into music (genre_id, title, performer_id, composer_id, media_type_id, record_label_id, recording_date) values (1, 'Uraeginthus granatina', 1, 19, 1, 31, '2011-06-08');
      insert into music (genre_id, title, performer_id, composer_id, media_type_id, record_label_id, recording_date) values (3, 'Ara chloroptera', 16, 3, 1, 3, '2012-07-04');
      insert into music (genre_id, title, performer_id, composer_id, media_type_id, record_label_id, recording_date) values (2, 'Kobus leche robertsi', 47, 19, 2, 23, '2019-08-21');
      insert into music (genre_id, title, performer_id, composer_id, media_type_id, record_label_id, recording_date) values (3, 'Phascogale tapoatafa', 41, 27, 2, 38, '2008-11-27');
      insert into music (genre_id, title, performer_id, composer_id, media_type_id, record_label_id, recording_date) values (1, 'Gorilla gorilla', 35, 18, 2, 13, '2022-09-11');
      insert into music (genre_id, title, performer_id, composer_id, media_type_id, record_label_id, recording_date) values (1, 'Capreolus capreolus', 49, 3, 1, 8, '2012-10-14');
      insert into music (genre_id, title, performer_id, composer_id, media_type_id, record_label_id, recording_date) values (3, 'Streptopelia decipiens', 5, 7, 2, 27, '2011-08-30');
      insert into music (genre_id, title, performer_id, composer_id, media_type_id, record_label_id, recording_date) values (1, 'Hystrix cristata', 28, 42, 2, 6, '2007-10-03');
      insert into music (genre_id, title, performer_id, composer_id, media_type_id, record_label_id, recording_date) values (2, 'Ctenophorus ornatus', 34, 19, 2, 33, '2007-10-18');
      insert into music (genre_id, title, performer_id, composer_id, media_type_id, record_label_id, recording_date) values (1, 'Sylvicapra grimma', 6, 42, 1, 43, '2019-01-06');
      insert into music (genre_id, title, performer_id, composer_id, media_type_id, record_label_id, recording_date) values (1, 'Didelphis virginiana', 43, 8, 2, 1, '2014-05-20');
      insert into music (genre_id, title, performer_id, composer_id, media_type_id, record_label_id, recording_date) values (2, 'Microcebus murinus', 4, 22, 1, 23, '2021-02-27');
      insert into music (genre_id, title, performer_id, composer_id, media_type_id, record_label_id, recording_date) values (2, 'Manouria emys', 14, 39, 2, 49, '2014-12-12');
      insert into music (genre_id, title, performer_id, composer_id, media_type_id, record_label_id, recording_date) values (1, 'Oryx gazella callotis', 10, 8, 1, 10, '2008-01-20');
      insert into music (genre_id, title, performer_id, composer_id, media_type_id, record_label_id, recording_date) values (2, 'Paraxerus cepapi', 37, 7, 2, 19, '2003-05-30');
      insert into music (genre_id, title, performer_id, composer_id, media_type_id, record_label_id, recording_date) values (3, 'Meles meles', 28, 16, 1, 9, '2023-07-28');
      insert into music (genre_id, title, performer_id, composer_id, media_type_id, record_label_id, recording_date) values (1, 'Alopex lagopus', 11, 1, 1, 29, '2000-10-24');
      insert into music (genre_id, title, performer_id, composer_id, media_type_id, record_label_id, recording_date) values (1, 'Paroaria gularis', 1, 2, 1, 18, '2012-03-27');
      insert into music (genre_id, title, performer_id, composer_id, media_type_id, record_label_id, recording_date) values (3, 'Equus hemionus', 15, 4, 2, 47, '2012-02-09');
      insert into music (genre_id, title, performer_id, composer_id, media_type_id, record_label_id, recording_date) values (3, 'Cervus canadensis', 40, 2, 2, 2, '2002-09-06');
      insert into music (genre_id, title, performer_id, composer_id, media_type_id, record_label_id, recording_date) values (1, 'Zenaida asiatica', 20, 26, 1, 5, '2006-08-03');
      insert into music (genre_id, title, performer_id, composer_id, media_type_id, record_label_id, recording_date) values (2, 'Zenaida galapagoensis', 31, 21, 2, 44, '2020-03-01');
      insert into music (genre_id, title, performer_id, composer_id, media_type_id, record_label_id, recording_date) values (2, 'Oryx gazella', 40, 35, 2, 41, '2013-10-16');
      insert into music (genre_id, title, performer_id, composer_id, media_type_id, record_label_id, recording_date) values (2, 'Chauna torquata', 7, 20, 1, 27, '2005-04-25');
      insert into music (genre_id, title, performer_id, composer_id, media_type_id, record_label_id, recording_date) values (2, 'Aegypius occipitalis', 50, 48, 1, 11, '2018-12-22');
      insert into music (genre_id, title, performer_id, composer_id, media_type_id, record_label_id, recording_date) values (2, 'Tockus flavirostris', 17, 43, 2, 40, '2004-05-29');
      insert into music (genre_id, title, performer_id, composer_id, media_type_id, record_label_id, recording_date) values (1, 'Thamnolaea cinnmomeiventris', 16, 24, 1, 22, '2013-03-11');
      insert into music (genre_id, title, performer_id, composer_id, media_type_id, record_label_id, recording_date) values (1, 'Spermophilus lateralis', 40, 6, 2, 37, '2019-05-07');
      insert into music (genre_id, title, performer_id, composer_id, media_type_id, record_label_id, recording_date) values (3, 'Mirounga leonina', 10, 23, 1, 38, '2019-06-19');
      insert into music (genre_id, title, performer_id, composer_id, media_type_id, record_label_id, recording_date) values (1, 'Ardea golieth', 23, 19, 2, 7, '2006-10-21');
      insert into music (genre_id, title, performer_id, composer_id, media_type_id, record_label_id, recording_date) values (3, 'Macropus robustus', 41, 9, 1, 21, '2014-04-29');
      insert into music (genre_id, title, performer_id, composer_id, media_type_id, record_label_id, recording_date) values (2, 'Platalea leucordia', 21, 15, 1, 32, '2014-07-31');
      insert into music (genre_id, title, performer_id, composer_id, media_type_id, record_label_id, recording_date) values (3, 'Macaca radiata', 34, 28, 1, 38, '2011-07-30');
      insert into music (genre_id, title, performer_id, composer_id, media_type_id, record_label_id, recording_date) values (3, 'Cereopsis novaehollandiae', 30, 15, 2, 49, '2003-05-17');
      insert into music (genre_id, title, performer_id, composer_id, media_type_id, record_label_id, recording_date) values (2, 'Semnopithecus entellus', 9, 3, 2, 48, '2011-03-12');
      insert into music (genre_id, title, performer_id, composer_id, media_type_id, record_label_id, recording_date) values (2, 'Hippotragus niger', 18, 11, 1, 28, '2015-05-23');
      insert into music (genre_id, title, performer_id, composer_id, media_type_id, record_label_id, recording_date) values (2, 'Panthera tigris', 12, 49, 2, 41, '2008-03-09');
      insert into music (genre_id, title, performer_id, composer_id, media_type_id, record_label_id, recording_date) values (3, 'Eolophus roseicapillus', 35, 27, 2, 6, '2005-08-21');
      insert into music (genre_id, title, performer_id, composer_id, media_type_id, record_label_id, recording_date) values (3, 'Pedetes capensis', 48, 46, 1, 17, '2021-03-15');
      insert into music (genre_id, title, performer_id, composer_id, media_type_id, record_label_id, recording_date) values (3, 'Canis aureus', 4, 24, 2, 44, '2012-03-20');
      insert into music (genre_id, title, performer_id, composer_id, media_type_id, record_label_id, recording_date) values (1, 'Laniaurius atrococcineus', 2, 39, 2, 8, '2000-09-16');
      insert into music (genre_id, title, performer_id, composer_id, media_type_id, record_label_id, recording_date) values (3, 'Eolophus roseicapillus', 43, 18, 2, 13, '2009-10-15');
      insert into music (genre_id, title, performer_id, composer_id, media_type_id, record_label_id, recording_date) values (2, 'Ratufa indica', 18, 46, 1, 49, '2006-10-25');
      insert into music (genre_id, title, performer_id, composer_id, media_type_id, record_label_id, recording_date) values (3, 'Cynictis penicillata', 31, 39, 1, 14, '2008-08-16');
      insert into music (genre_id, title, performer_id, composer_id, media_type_id, record_label_id, recording_date) values (3, 'Felis concolor', 18, 2, 2, 3, '2003-01-21');
      insert into music (genre_id, title, performer_id, composer_id, media_type_id, record_label_id, recording_date) values (2, 'Agelaius phoeniceus', 44, 27, 1, 39, '2000-07-31');
      insert into music (genre_id, title, performer_id, composer_id, media_type_id, record_label_id, recording_date) values (2, 'Ctenophorus ornatus', 14, 40, 1, 46, '2004-09-24');
      insert into music (genre_id, title, performer_id, composer_id, media_type_id, record_label_id, recording_date) values (3, 'Dasyurus viverrinus', 17, 27, 1, 40, '2017-11-18');
      insert into music (genre_id, title, performer_id, composer_id, media_type_id, record_label_id, recording_date) values (1, 'Gerbillus sp.', 12, 40, 1, 30, '2007-11-12');
      insert into music (genre_id, title, performer_id, composer_id, media_type_id, record_label_id, recording_date) values (1, 'Pteronura brasiliensis', 18, 7, 2, 34, '2009-12-19');
      insert into music (genre_id, title, performer_id, composer_id, media_type_id, record_label_id, recording_date) values (2, 'Lamprotornis sp.', 16, 39, 1, 15, '2021-11-16');
      insert into music (genre_id, title, performer_id, composer_id, media_type_id, record_label_id, recording_date) values (2, 'Colobus guerza', 43, 2, 1, 39, '2014-03-09');
      insert into music (genre_id, title, performer_id, composer_id, media_type_id, record_label_id, recording_date) values (2, 'Streptopelia senegalensis', 35, 1, 2, 12, '2020-08-11');
      insert into music (genre_id, title, performer_id, composer_id, media_type_id, record_label_id, recording_date) values (3, 'Parus atricapillus', 36, 26, 2, 38, '2013-04-07');
      insert into music (genre_id, title, performer_id, composer_id, media_type_id, record_label_id, recording_date) values (3, 'Sylvilagus floridanus', 34, 45, 1, 44, '2006-09-19');
      insert into music (genre_id, title, performer_id, composer_id, media_type_id, record_label_id, recording_date) values (3, 'Pycnonotus nigricans', 30, 47, 2, 6, '2019-05-02');
      insert into music (genre_id, title, performer_id, composer_id, media_type_id, record_label_id, recording_date) values (3, 'Castor canadensis', 29, 1, 2, 45, '2011-07-22');
      insert into music (genre_id, title, performer_id, composer_id, media_type_id, record_label_id, recording_date) values (1, 'Genetta genetta', 29, 21, 2, 45, '2012-03-20');
      insert into music (genre_id, title, performer_id, composer_id, media_type_id, record_label_id, recording_date) values (3, 'Gymnorhina tibicen', 24, 14, 2, 27, '2013-01-14');
      insert into music (genre_id, title, performer_id, composer_id, media_type_id, record_label_id, recording_date) values (1, 'Ephipplorhynchus senegalensis', 2, 42, 1, 30, '2002-07-11');
      insert into music (genre_id, title, performer_id, composer_id, media_type_id, record_label_id, recording_date) values (1, 'Columba palumbus', 47, 23, 2, 5, '2015-08-05');
      insert into music (genre_id, title, performer_id, composer_id, media_type_id, record_label_id, recording_date) values (2, 'Chloephaga melanoptera', 40, 17, 1, 6, '2012-04-08');
      insert into music (genre_id, title, performer_id, composer_id, media_type_id, record_label_id, recording_date) values (1, 'Bubo virginianus', 21, 17, 1, 36, '2012-04-25');
      insert into music (genre_id, title, performer_id, composer_id, media_type_id, record_label_id, recording_date) values (3, 'Xerus sp.', 9, 4, 2, 9, '2020-01-01');
      insert into music (genre_id, title, performer_id, composer_id, media_type_id, record_label_id, recording_date) values (3, 'Cygnus atratus', 1, 22, 2, 14, '2003-03-11');
      insert into music (genre_id, title, performer_id, composer_id, media_type_id, record_label_id, recording_date) values (3, 'Ctenophorus ornatus', 27, 17, 1, 9, '2020-12-28');
      insert into music (genre_id, title, performer_id, composer_id, media_type_id, record_label_id, recording_date) values (1, 'Vombatus ursinus', 12, 33, 2, 26, '2005-09-13');
      insert into music (genre_id, title, performer_id, composer_id, media_type_id, record_label_id, recording_date) values (3, 'Phoenicopterus chilensis', 18, 48, 2, 11, '2021-08-03');
      insert into music (genre_id, title, performer_id, composer_id, media_type_id, record_label_id, recording_date) values (2, 'Macropus eugenii', 2, 38, 2, 9, '2010-01-10');
      insert into music (genre_id, title, performer_id, composer_id, media_type_id, record_label_id, recording_date) values (3, 'Cynictis penicillata', 46, 15, 1, 46, '2006-10-01');
      insert into music (genre_id, title, performer_id, composer_id, media_type_id, record_label_id, recording_date) values (1, 'Oxybelis fulgidus', 16, 48, 2, 30, '2000-12-28');
      insert into music (genre_id, title, performer_id, composer_id, media_type_id, record_label_id, recording_date) values (2, 'Tetracerus quadricornis', 8, 29, 2, 24, '2003-05-25');
      insert into music (genre_id, title, performer_id, composer_id, media_type_id, record_label_id, recording_date) values (2, 'Psittacula krameri', 8, 30, 1, 27, '2012-07-19');
      insert into music (genre_id, title, performer_id, composer_id, media_type_id, record_label_id, recording_date) values (3, 'Cyrtodactylus louisiadensis', 45, 48, 2, 18, '2014-02-22');
      insert into music (genre_id, title, performer_id, composer_id, media_type_id, record_label_id, recording_date) values (2, 'Eudromia elegans', 43, 41, 2, 3, '2018-11-03');
      insert into music (genre_id, title, performer_id, composer_id, media_type_id, record_label_id, recording_date) values (3, 'Gyps fulvus', 17, 8, 2, 13, '2005-06-25');
      insert into music (genre_id, title, performer_id, composer_id, media_type_id, record_label_id, recording_date) values (2, 'Callipepla gambelii', 42, 46, 1, 22, '2015-06-24');
      insert into music (genre_id, title, performer_id, composer_id, media_type_id, record_label_id, recording_date) values (3, 'Certotrichas paena', 38, 2, 2, 15, '2018-08-07');
      insert into music (genre_id, title, performer_id, composer_id, media_type_id, record_label_id, recording_date) values (1, 'Gekko gecko', 17, 46, 1, 19, '2016-11-04');
      insert into music (genre_id, title, performer_id, composer_id, media_type_id, record_label_id, recording_date) values (2, 'Manouria emys', 33, 7, 2, 6, '2021-04-24');
      insert into music (genre_id, title, performer_id, composer_id, media_type_id, record_label_id, recording_date) values (3, 'Acrobates pygmaeus', 36, 44, 1, 5, '2016-05-21');
      insert into music (genre_id, title, performer_id, composer_id, media_type_id, record_label_id, recording_date) values (2, 'Bubo sp.', 8, 22, 2, 40, '2006-06-14');
      insert into music (genre_id, title, performer_id, composer_id, media_type_id, record_label_id, recording_date) values (1, 'Priodontes maximus', 32, 10, 2, 12, '2001-05-16');
      insert into music (genre_id, title, performer_id, composer_id, media_type_id, record_label_id, recording_date) values (3, 'Acrantophis madagascariensis', 48, 21, 1, 31, '2005-06-09');
      insert into music (genre_id, title, performer_id, composer_id, media_type_id, record_label_id, recording_date) values (3, 'Phoeniconaias minor', 48, 3, 1, 4, '2005-02-08');
      insert into music (genre_id, title, performer_id, composer_id, media_type_id, record_label_id, recording_date) values (1, 'Axis axis', 50, 11, 1, 17, '2001-05-12');
      insert into music (genre_id, title, performer_id, composer_id, media_type_id, record_label_id, recording_date) values (3, 'Trichoglossus chlorolepidotus', 29, 13, 1, 43, '2017-02-06');
      insert into music (genre_id, title, performer_id, composer_id, media_type_id, record_label_id, recording_date) values (3, 'Coendou prehensilis', 45, 24, 2, 27, '2016-04-01');
      insert into music (genre_id, title, performer_id, composer_id, media_type_id, record_label_id, recording_date) values (3, 'Ovis ammon', 28, 24, 2, 32, '2013-06-12');
      insert into music (genre_id, title, performer_id, composer_id, media_type_id, record_label_id, recording_date) values (1, 'Creagrus furcatus', 31, 34, 2, 8, '2013-10-22');
      insert into music (genre_id, title, performer_id, composer_id, media_type_id, record_label_id, recording_date) values (2, 'Giraffe camelopardalis', 5, 36, 2, 22, '2023-01-18');
      insert into music (genre_id, title, performer_id, composer_id, media_type_id, record_label_id, recording_date) values (2, 'unavailable', 7, 15, 2, 31, '2006-07-17');
      insert into music (genre_id, title, performer_id, composer_id, media_type_id, record_label_id, recording_date) values (3, 'Cygnus buccinator', 31, 37, 1, 9, '2014-12-07');
      insert into music (genre_id, title, performer_id, composer_id, media_type_id, record_label_id, recording_date) values (2, 'Aegypius occipitalis', 22, 44, 1, 19, '2002-09-17');
      insert into music (genre_id, title, performer_id, composer_id, media_type_id, record_label_id, recording_date) values (1, 'Dendrocitta vagabunda', 41, 12, 1, 2, '2023-04-18');
      insert into music (genre_id, title, performer_id, composer_id, media_type_id, record_label_id, recording_date) values (2, 'Gekko gecko', 49, 4, 2, 11, '2011-08-12');
      insert into music (genre_id, title, performer_id, composer_id, media_type_id, record_label_id, recording_date) values (2, 'Kobus defassa', 29, 24, 2, 8, '2001-07-24');
      insert into music (genre_id, title, performer_id, composer_id, media_type_id, record_label_id, recording_date) values (2, 'Chlidonias leucopterus', 20, 22, 2, 3, '2001-12-21');
      insert into music (genre_id, title, performer_id, composer_id, media_type_id, record_label_id, recording_date) values (2, 'Haematopus ater', 30, 12, 2, 24, '2011-10-05');
      insert into music (genre_id, title, performer_id, composer_id, media_type_id, record_label_id, recording_date) values (3, 'Plegadis falcinellus', 4, 47, 1, 36, '2020-10-27');
      insert into music (genre_id, title, performer_id, composer_id, media_type_id, record_label_id, recording_date) values (1, 'Otocyon megalotis', 19, 32, 2, 43, '2004-01-30');
      insert into music (genre_id, title, performer_id, composer_id, media_type_id, record_label_id, recording_date) values (3, 'Vulpes vulpes', 30, 11, 1, 1, '2002-09-21');
      insert into music (genre_id, title, performer_id, composer_id, media_type_id, record_label_id, recording_date) values (3, 'Genetta genetta', 3, 40, 1, 2, '2016-12-04');
      insert into music (genre_id, title, performer_id, composer_id, media_type_id, record_label_id, recording_date) values (1, 'Lepilemur rufescens', 20, 3, 2, 37, '2016-10-12');
      insert into music (genre_id, title, performer_id, composer_id, media_type_id, record_label_id, recording_date) values (1, 'Ciconia ciconia', 8, 15, 2, 19, '2011-12-11');
      insert into music (genre_id, title, performer_id, composer_id, media_type_id, record_label_id, recording_date) values (1, 'Hippotragus niger', 35, 23, 1, 3, '2008-01-19');
      insert into music (genre_id, title, performer_id, composer_id, media_type_id, record_label_id, recording_date) values (1, 'Rangifer tarandus', 45, 1, 1, 5, '2017-10-04');
      insert into music (genre_id, title, performer_id, composer_id, media_type_id, record_label_id, recording_date) values (1, 'Sus scrofa', 18, 25, 2, 26, '2006-02-10');
      insert into music (genre_id, title, performer_id, composer_id, media_type_id, record_label_id, recording_date) values (2, 'Capreolus capreolus', 19, 5, 2, 32, '2010-01-11');
      insert into music (genre_id, title, performer_id, composer_id, media_type_id, record_label_id, recording_date) values (1, 'Macropus parryi', 29, 6, 2, 14, '2018-10-15');
      insert into music (genre_id, title, performer_id, composer_id, media_type_id, record_label_id, recording_date) values (1, 'Phalaropus fulicarius', 11, 21, 1, 45, '2013-05-03');
      insert into music (genre_id, title, performer_id, composer_id, media_type_id, record_label_id, recording_date) values (2, 'Cebus apella', 23, 24, 2, 44, '2013-07-06');
      insert into music (genre_id, title, performer_id, composer_id, media_type_id, record_label_id, recording_date) values (2, 'Gopherus agassizii', 45, 38, 2, 47, '2023-02-22');
      insert into music (genre_id, title, performer_id, composer_id, media_type_id, record_label_id, recording_date) values (2, 'Damaliscus lunatus', 29, 14, 1, 22, '2003-02-07');
      insert into music (genre_id, title, performer_id, composer_id, media_type_id, record_label_id, recording_date) values (2, 'Alopex lagopus', 30, 36, 2, 26, '2000-12-19');
      insert into music (genre_id, title, performer_id, composer_id, media_type_id, record_label_id, recording_date) values (3, 'Ciconia ciconia', 43, 2, 1, 3, '2011-01-28');
      insert into music (genre_id, title, performer_id, composer_id, media_type_id, record_label_id, recording_date) values (3, 'Sarkidornis melanotos', 21, 15, 1, 22, '2008-07-26');
      insert into music (genre_id, title, performer_id, composer_id, media_type_id, record_label_id, recording_date) values (1, 'Colobus guerza', 23, 26, 2, 50, '2009-11-28');
      insert into music (genre_id, title, performer_id, composer_id, media_type_id, record_label_id, recording_date) values (2, 'Morelia spilotes variegata', 25, 8, 2, 49, '2020-03-07');
      insert into music (genre_id, title, performer_id, composer_id, media_type_id, record_label_id, recording_date) values (1, 'Sylvicapra grimma', 2, 15, 2, 10, '2000-04-28');
      insert into music (genre_id, title, performer_id, composer_id, media_type_id, record_label_id, recording_date) values (1, 'Bassariscus astutus', 43, 10, 1, 40, '2022-02-21');
      insert into music (genre_id, title, performer_id, composer_id, media_type_id, record_label_id, recording_date) values (2, 'Ornithorhynchus anatinus', 34, 34, 2, 30, '2023-11-29');
      insert into music (genre_id, title, performer_id, composer_id, media_type_id, record_label_id, recording_date) values (3, 'Scolopax minor', 36, 22, 1, 50, '2005-02-27');
      insert into music (genre_id, title, performer_id, composer_id, media_type_id, record_label_id, recording_date) values (2, 'Macaca radiata', 45, 3, 1, 33, '2015-07-25');
      insert into music (genre_id, title, performer_id, composer_id, media_type_id, record_label_id, recording_date) values (3, 'Pytilia melba', 31, 34, 1, 37, '2008-04-02');
      insert into music (genre_id, title, performer_id, composer_id, media_type_id, record_label_id, recording_date) values (1, 'Chloephaga melanoptera', 21, 4, 1, 30, '2011-12-11');
      insert into music (genre_id, title, performer_id, composer_id, media_type_id, record_label_id, recording_date) values (2, 'Nesomimus trifasciatus', 31, 37, 1, 16, '2018-02-01');
      insert into music (genre_id, title, performer_id, composer_id, media_type_id, record_label_id, recording_date) values (2, 'Upupa epops', 10, 3, 1, 39, '2012-11-17');
      insert into music (genre_id, title, performer_id, composer_id, media_type_id, record_label_id, recording_date) values (1, 'Ara macao', 31, 45, 1, 16, '2001-03-02');
      insert into music (genre_id, title, performer_id, composer_id, media_type_id, record_label_id, recording_date) values (3, 'Macropus parryi', 48, 2, 2, 7, '2000-09-02');
      insert into music (genre_id, title, performer_id, composer_id, media_type_id, record_label_id, recording_date) values (1, 'Phalaropus fulicarius', 43, 50, 1, 33, '2014-11-12');
      insert into music (genre_id, title, performer_id, composer_id, media_type_id, record_label_id, recording_date) values (2, 'Anastomus oscitans', 43, 10, 1, 45, '2015-04-06');
      insert into music (genre_id, title, performer_id, composer_id, media_type_id, record_label_id, recording_date) values (2, 'Ephippiorhynchus mycteria', 38, 33, 1, 40, '2003-07-21');
      insert into music (genre_id, title, performer_id, composer_id, media_type_id, record_label_id, recording_date) values (2, 'Iguana iguana', 22, 14, 1, 47, '2020-02-19');
      insert into music (genre_id, title, performer_id, composer_id, media_type_id, record_label_id, recording_date) values (2, 'Tadorna tadorna', 34, 50, 2, 35, '2019-05-28');
      insert into music (genre_id, title, performer_id, composer_id, media_type_id, record_label_id, recording_date) values (1, 'Anas bahamensis', 48, 9, 1, 1, '2011-02-06');
      insert into music (genre_id, title, performer_id, composer_id, media_type_id, record_label_id, recording_date) values (2, 'Alcelaphus buselaphus cokii', 38, 29, 1, 21, '2001-09-26');
      insert into music (genre_id, title, performer_id, composer_id, media_type_id, record_label_id, recording_date) values (2, 'Rhea americana', 25, 30, 2, 22, '2017-09-08');
      insert into music (genre_id, title, performer_id, composer_id, media_type_id, record_label_id, recording_date) values (1, 'Bos taurus', 46, 46, 2, 13, '2020-09-23');
      insert into music (genre_id, title, performer_id, composer_id, media_type_id, record_label_id, recording_date) values (1, 'Pelecans onocratalus', 49, 49, 1, 23, '2011-12-16');
      insert into music (genre_id, title, performer_id, composer_id, media_type_id, record_label_id, recording_date) values (2, 'Lepus arcticus', 47, 34, 2, 18, '2007-05-12');
      insert into music (genre_id, title, performer_id, composer_id, media_type_id, record_label_id, recording_date) values (1, 'Bos taurus', 13, 7, 2, 37, '2012-08-10');
      insert into music (genre_id, title, performer_id, composer_id, media_type_id, record_label_id, recording_date) values (2, 'Felis concolor', 29, 15, 1, 42, '2002-06-21');
      insert into music (genre_id, title, performer_id, composer_id, media_type_id, record_label_id, recording_date) values (2, 'Sciurus niger', 37, 10, 2, 24, '2014-04-15');
      insert into music (genre_id, title, performer_id, composer_id, media_type_id, record_label_id, recording_date) values (3, 'Castor fiber', 14, 26, 1, 24, '2011-12-08');
      insert into music (genre_id, title, performer_id, composer_id, media_type_id, record_label_id, recording_date) values (3, 'Actophilornis africanus', 19, 7, 1, 47, '2021-04-07');
      insert into music (genre_id, title, performer_id, composer_id, media_type_id, record_label_id, recording_date) values (2, 'Lamprotornis nitens', 11, 44, 2, 42, '2015-04-04');
      insert into music (genre_id, title, performer_id, composer_id, media_type_id, record_label_id, recording_date) values (3, 'Ovis ammon', 50, 13, 1, 25, '2007-08-04');
      insert into music (genre_id, title, performer_id, composer_id, media_type_id, record_label_id, recording_date) values (3, 'Felis wiedi or Leopardus weidi', 42, 24, 1, 26, '2015-11-16');
      insert into music (genre_id, title, performer_id, composer_id, media_type_id, record_label_id, recording_date) values (1, 'Manouria emys', 47, 43, 2, 10, '2018-04-10');
      insert into music (genre_id, title, performer_id, composer_id, media_type_id, record_label_id, recording_date) values (1, 'Butorides striatus', 21, 28, 1, 23, '2000-06-13');
      insert into music (genre_id, title, performer_id, composer_id, media_type_id, record_label_id, recording_date) values (3, 'Phascolarctos cinereus', 35, 13, 2, 42, '2020-10-12');
      insert into music (genre_id, title, performer_id, composer_id, media_type_id, record_label_id, recording_date) values (1, 'unavailable', 20, 32, 2, 18, '2007-10-04');
      insert into music (genre_id, title, performer_id, composer_id, media_type_id, record_label_id, recording_date) values (3, 'Salvadora hexalepis', 40, 25, 2, 9, '2022-05-16');
      insert into music (genre_id, title, performer_id, composer_id, media_type_id, record_label_id, recording_date) values (1, 'Centrocercus urophasianus', 18, 39, 2, 11, '2006-07-21');
      insert into music (genre_id, title, performer_id, composer_id, media_type_id, record_label_id, recording_date) values (2, 'Spermophilus lateralis', 24, 31, 1, 2, '2021-12-15');
      insert into music (genre_id, title, performer_id, composer_id, media_type_id, record_label_id, recording_date) values (1, 'Ciconia ciconia', 29, 35, 1, 11, '2001-03-10');
      insert into music (genre_id, title, performer_id, composer_id, media_type_id, record_label_id, recording_date) values (2, 'Pandon haliaetus', 33, 41, 2, 43, '2021-04-09');
      insert into music (genre_id, title, performer_id, composer_id, media_type_id, record_label_id, recording_date) values (1, 'Macropus robustus', 11, 42, 1, 22, '2004-08-02');
      insert into music (genre_id, title, performer_id, composer_id, media_type_id, record_label_id, recording_date) values (2, 'Corallus hortulanus cooki', 23, 48, 2, 33, '2012-10-26');
      insert into music (genre_id, title, performer_id, composer_id, media_type_id, record_label_id, recording_date) values (3, 'Cercopithecus aethiops', 29, 22, 2, 49, '2021-04-20');
      insert into music (genre_id, title, performer_id, composer_id, media_type_id, record_label_id, recording_date) values (1, 'Eubalaena australis', 1, 37, 2, 47, '2003-04-06');
      insert into music (genre_id, title, performer_id, composer_id, media_type_id, record_label_id, recording_date) values (2, 'Choloepus hoffmani', 2, 18, 2, 30, '2021-08-27');
      insert into music (genre_id, title, performer_id, composer_id, media_type_id, record_label_id, recording_date) values (1, 'Gazella granti', 46, 7, 2, 8, '2008-10-26');
      insert into music (genre_id, title, performer_id, composer_id, media_type_id, record_label_id, recording_date) values (1, 'Turtur chalcospilos', 35, 40, 1, 32, '2014-06-02');
      insert into music (genre_id, title, performer_id, composer_id, media_type_id, record_label_id, recording_date) values (2, 'Pycnonotus barbatus', 14, 36, 2, 35, '2005-08-21');
      insert into music (genre_id, title, performer_id, composer_id, media_type_id, record_label_id, recording_date) values (3, 'Dasyurus maculatus', 1, 16, 1, 19, '2013-07-13');
      insert into music (genre_id, title, performer_id, composer_id, media_type_id, record_label_id, recording_date) values (2, 'Equus hemionus', 17, 13, 2, 31, '2006-05-31');
      insert into music (genre_id, title, performer_id, composer_id, media_type_id, record_label_id, recording_date) values (2, 'Phalacrocorax niger', 15, 14, 1, 7, '2011-01-31');
      insert into music (genre_id, title, performer_id, composer_id, media_type_id, record_label_id, recording_date) values (3, 'Loris tardigratus', 30, 4, 2, 40, '2019-06-21');
      insert into music (genre_id, title, performer_id, composer_id, media_type_id, record_label_id, recording_date) values (1, 'Crocodylus niloticus', 36, 10, 1, 34, '2008-08-05');
      insert into music (genre_id, title, performer_id, composer_id, media_type_id, record_label_id, recording_date) values (3, 'Sus scrofa', 40, 46, 2, 20, '2022-01-06');
      insert into music (genre_id, title, performer_id, composer_id, media_type_id, record_label_id, recording_date) values (3, 'Antilope cervicapra', 45, 6, 2, 50, '2017-01-28');
      insert into music (genre_id, title, performer_id, composer_id, media_type_id, record_label_id, recording_date) values (1, 'Bubulcus ibis', 12, 3, 2, 6, '2004-09-05');
      insert into music (genre_id, title, performer_id, composer_id, media_type_id, record_label_id, recording_date) values (2, 'Canis lupus baileyi', 46, 21, 1, 22, '2021-07-26');
      insert into music (genre_id, title, performer_id, composer_id, media_type_id, record_label_id, recording_date) values (1, 'Psittacula krameri', 13, 11, 2, 41, '2000-10-12');
      insert into music (genre_id, title, performer_id, composer_id, media_type_id, record_label_id, recording_date) values (3, 'Zosterops pallidus', 24, 19, 1, 7, '2023-08-09');
      insert into music (genre_id, title, performer_id, composer_id, media_type_id, record_label_id, recording_date) values (2, 'Spizaetus coronatus', 6, 28, 2, 2, '2007-03-27');
      insert into music (genre_id, title, performer_id, composer_id, media_type_id, record_label_id, recording_date) values (3, 'Felis concolor', 49, 32, 1, 7, '2017-08-23');
      insert into music (genre_id, title, performer_id, composer_id, media_type_id, record_label_id, recording_date) values (1, 'Papio cynocephalus', 48, 23, 1, 20, '2003-12-12');
      insert into music (genre_id, title, performer_id, composer_id, media_type_id, record_label_id, recording_date) values (1, 'Otocyon megalotis', 25, 10, 1, 7, '2016-12-24');
      insert into music (genre_id, title, performer_id, composer_id, media_type_id, record_label_id, recording_date) values (2, 'Numida meleagris', 18, 19, 2, 13, '2007-09-02');
      insert into music (genre_id, title, performer_id, composer_id, media_type_id, record_label_id, recording_date) values (1, 'Eudromia elegans', 1, 5, 1, 8, '2011-09-24');
      insert into music (genre_id, title, performer_id, composer_id, media_type_id, record_label_id, recording_date) values (2, 'Heloderma horridum', 31, 26, 1, 44, '2023-10-13');
      insert into music (genre_id, title, performer_id, composer_id, media_type_id, record_label_id, recording_date) values (2, 'Hyaena brunnea', 12, 6, 1, 6, '2011-10-09');
      insert into music (genre_id, title, performer_id, composer_id, media_type_id, record_label_id, recording_date) values (3, 'Libellula quadrimaculata', 3, 19, 2, 1, '2009-05-05');
      insert into music (genre_id, title, performer_id, composer_id, media_type_id, record_label_id, recording_date) values (3, 'Alopochen aegyptiacus', 16, 8, 1, 4, '2003-10-10');
      insert into music (genre_id, title, performer_id, composer_id, media_type_id, record_label_id, recording_date) values (2, 'Corvus albus', 1, 12, 2, 49, '2011-12-20');
      insert into music (genre_id, title, performer_id, composer_id, media_type_id, record_label_id, recording_date) values (2, 'Agkistrodon piscivorus', 40, 3, 1, 32, '2020-05-28');
      insert into music (genre_id, title, performer_id, composer_id, media_type_id, record_label_id, recording_date) values (3, 'Mazama gouazoubira', 4, 11, 2, 31, '2016-01-05');
      insert into music (genre_id, title, performer_id, composer_id, media_type_id, record_label_id, recording_date) values (1, 'Macropus rufogriseus', 6, 50, 1, 49, '2013-06-24');
      insert into music (genre_id, title, performer_id, composer_id, media_type_id, record_label_id, recording_date) values (1, 'Alopex lagopus', 5, 15, 2, 10, '2019-04-12');
      insert into music (genre_id, title, performer_id, composer_id, media_type_id, record_label_id, recording_date) values (2, 'unavailable', 13, 39, 2, 18, '2016-10-21');
      insert into music (genre_id, title, performer_id, composer_id, media_type_id, record_label_id, recording_date) values (3, 'Oreamnos americanus', 7, 8, 2, 9, '2015-01-04');
      insert into music (genre_id, title, performer_id, composer_id, media_type_id, record_label_id, recording_date) values (1, 'Geococcyx californianus', 43, 42, 1, 34, '2009-01-04');
      insert into music (genre_id, title, performer_id, composer_id, media_type_id, record_label_id, recording_date) values (2, 'Macaca radiata', 26, 6, 1, 10, '2019-10-25');
      insert into music (genre_id, title, performer_id, composer_id, media_type_id, record_label_id, recording_date) values (1, 'Nyctereutes procyonoides', 39, 45, 2, 36, '2016-03-30');
      insert into music (genre_id, title, performer_id, composer_id, media_type_id, record_label_id, recording_date) values (3, 'Theropithecus gelada', 30, 47, 1, 47, '2000-07-02');
      insert into music (genre_id, title, performer_id, composer_id, media_type_id, record_label_id, recording_date) values (2, 'Alopex lagopus', 16, 19, 1, 47, '2020-07-23');
      insert into music (genre_id, title, performer_id, composer_id, media_type_id, record_label_id, recording_date) values (1, 'Prionace glauca', 37, 23, 1, 35, '2016-10-23');
      insert into music (genre_id, title, performer_id, composer_id, media_type_id, record_label_id, recording_date) values (3, 'Ursus americanus', 21, 22, 1, 20, '2006-09-02');
      insert into music (genre_id, title, performer_id, composer_id, media_type_id, record_label_id, recording_date) values (2, 'Nycticorax nycticorax', 41, 18, 1, 24, '2010-10-23');
      insert into music (genre_id, title, performer_id, composer_id, media_type_id, record_label_id, recording_date) values (3, 'Ateles paniscus', 24, 36, 2, 22, '2010-06-12');
      insert into music (genre_id, title, performer_id, composer_id, media_type_id, record_label_id, recording_date) values (3, 'Ceratotherium simum', 49, 33, 2, 43, '2024-02-25');
      insert into music (genre_id, title, performer_id, composer_id, media_type_id, record_label_id, recording_date) values (1, 'Phoenicopterus chilensis', 33, 28, 2, 12, '2016-09-13');
      insert into music (genre_id, title, performer_id, composer_id, media_type_id, record_label_id, recording_date) values (3, 'Haematopus ater', 29, 24, 2, 12, '2016-02-06');
      insert into music (genre_id, title, performer_id, composer_id, media_type_id, record_label_id, recording_date) values (1, 'Cynictis penicillata', 16, 39, 2, 43, '2000-07-14');
      insert into music (genre_id, title, performer_id, composer_id, media_type_id, record_label_id, recording_date) values (3, 'Macropus eugenii', 31, 27, 2, 42, '2019-03-05');
      insert into music (genre_id, title, performer_id, composer_id, media_type_id, record_label_id, recording_date) values (3, 'Acrobates pygmaeus', 48, 29, 2, 12, '2002-11-27');
      insert into music (genre_id, title, performer_id, composer_id, media_type_id, record_label_id, recording_date) values (1, 'Fregata magnificans', 43, 15, 1, 48, '2001-09-01');
      insert into music (genre_id, title, performer_id, composer_id, media_type_id, record_label_id, recording_date) values (1, 'Delphinus delphis', 12, 35, 1, 29, '2011-02-01');
      insert into music (genre_id, title, performer_id, composer_id, media_type_id, record_label_id, recording_date) values (2, 'Libellula quadrimaculata', 14, 26, 2, 21, '2016-10-18');
      insert into music (genre_id, title, performer_id, composer_id, media_type_id, record_label_id, recording_date) values (2, 'Notechis semmiannulatus', 38, 22, 1, 10, '2003-10-07');
      insert into music (genre_id, title, performer_id, composer_id, media_type_id, record_label_id, recording_date) values (3, 'Panthera pardus', 2, 14, 2, 23, '2022-08-12');
      insert into music (genre_id, title, performer_id, composer_id, media_type_id, record_label_id, recording_date) values (3, 'Alopex lagopus', 5, 18, 2, 19, '2009-07-22');
      insert into music (genre_id, title, performer_id, composer_id, media_type_id, record_label_id, recording_date) values (1, 'Vanellus armatus', 45, 31, 1, 4, '2014-08-07');
      insert into music (genre_id, title, performer_id, composer_id, media_type_id, record_label_id, recording_date) values (3, 'Bucorvus leadbeateri', 39, 29, 2, 42, '2024-02-20');
      insert into music (genre_id, title, performer_id, composer_id, media_type_id, record_label_id, recording_date) values (1, 'Coluber constrictor foxii', 43, 45, 2, 17, '2012-05-28');
      insert into music (genre_id, title, performer_id, composer_id, media_type_id, record_label_id, recording_date) values (2, 'Rhea americana', 28, 16, 2, 23, '2020-11-22');
      insert into music (genre_id, title, performer_id, composer_id, media_type_id, record_label_id, recording_date) values (3, 'Trachyphonus vaillantii', 12, 45, 2, 50, '2002-05-26');
      insert into music (genre_id, title, performer_id, composer_id, media_type_id, record_label_id, recording_date) values (3, 'Smithopsis crassicaudata', 39, 10, 2, 32, '2011-06-25');
      insert into music (genre_id, title, performer_id, composer_id, media_type_id, record_label_id, recording_date) values (3, 'Pseudocheirus peregrinus', 36, 21, 1, 15, '2005-11-09');
      insert into music (genre_id, title, performer_id, composer_id, media_type_id, record_label_id, recording_date) values (2, 'Sceloporus magister', 45, 28, 1, 17, '2007-08-15');
      insert into music (genre_id, title, performer_id, composer_id, media_type_id, record_label_id, recording_date) values (3, 'Pseudalopex gymnocercus', 46, 41, 2, 48, '2018-09-04');
      insert into music (genre_id, title, performer_id, composer_id, media_type_id, record_label_id, recording_date) values (2, 'Damaliscus dorcas', 9, 37, 1, 32, '2010-06-07');
      insert into music (genre_id, title, performer_id, composer_id, media_type_id, record_label_id, recording_date) values (3, 'Suricata suricatta', 44, 30, 1, 27, '2004-05-29');
      insert into music (genre_id, title, performer_id, composer_id, media_type_id, record_label_id, recording_date) values (3, 'Centrocercus urophasianus', 15, 48, 1, 15, '2010-07-18');
      insert into music (genre_id, title, performer_id, composer_id, media_type_id, record_label_id, recording_date) values (3, 'Bucephala clangula', 3, 49, 2, 31, '2017-05-01');
      insert into music (genre_id, title, performer_id, composer_id, media_type_id, record_label_id, recording_date) values (1, 'Ara macao', 50, 30, 2, 46, '2022-09-13');
      insert into music (genre_id, title, performer_id, composer_id, media_type_id, record_label_id, recording_date) values (2, 'Prionace glauca', 2, 32, 2, 28, '2023-10-04');
      insert into music (genre_id, title, performer_id, composer_id, media_type_id, record_label_id, recording_date) values (2, 'Varanus komodensis', 46, 23, 1, 30, '2004-09-17');
      insert into music (genre_id, title, performer_id, composer_id, media_type_id, record_label_id, recording_date) values (2, 'Junonia genoveua', 29, 32, 1, 1, '2002-08-01');
      insert into music (genre_id, title, performer_id, composer_id, media_type_id, record_label_id, recording_date) values (2, 'Rhea americana', 15, 31, 2, 44, '2006-10-12');
      insert into music (genre_id, title, performer_id, composer_id, media_type_id, record_label_id, recording_date) values (2, 'Dasyprocta leporina', 38, 10, 2, 19, '2018-03-17');
      insert into music (genre_id, title, performer_id, composer_id, media_type_id, record_label_id, recording_date) values (3, 'Salvadora hexalepis', 14, 3, 2, 6, '2011-04-06');
      insert into music (genre_id, title, performer_id, composer_id, media_type_id, record_label_id, recording_date) values (1, 'Pelecans onocratalus', 21, 41, 2, 35, '2002-04-14');
      insert into music (genre_id, title, performer_id, composer_id, media_type_id, record_label_id, recording_date) values (2, 'Agkistrodon piscivorus', 6, 23, 1, 27, '2010-11-01');
      insert into music (genre_id, title, performer_id, composer_id, media_type_id, record_label_id, recording_date) values (1, 'Cyrtodactylus louisiadensis', 14, 48, 1, 24, '2017-07-02');
      insert into music (genre_id, title, performer_id, composer_id, media_type_id, record_label_id, recording_date) values (1, 'Mycteria leucocephala', 25, 49, 2, 25, '2008-03-13');
      insert into music (genre_id, title, performer_id, composer_id, media_type_id, record_label_id, recording_date) values (3, 'Manouria emys', 27, 27, 1, 23, '2003-06-04');
      insert into music (genre_id, title, performer_id, composer_id, media_type_id, record_label_id, recording_date) values (3, 'Hyaena brunnea', 38, 3, 2, 12, '2001-05-03');
      insert into music (genre_id, title, performer_id, composer_id, media_type_id, record_label_id, recording_date) values (3, 'unavailable', 35, 50, 2, 21, '2014-06-13');
      insert into music (genre_id, title, performer_id, composer_id, media_type_id, record_label_id, recording_date) values (1, 'Genetta genetta', 39, 48, 2, 14, '2008-09-24');
      insert into music (genre_id, title, performer_id, composer_id, media_type_id, record_label_id, recording_date) values (1, 'Cacatua tenuirostris', 11, 32, 2, 12, '2009-10-24');
      insert into music (genre_id, title, performer_id, composer_id, media_type_id, record_label_id, recording_date) values (3, 'Laniaurius atrococcineus', 5, 8, 1, 34, '2016-01-30');
      insert into music (genre_id, title, performer_id, composer_id, media_type_id, record_label_id, recording_date) values (1, 'Anastomus oscitans', 14, 50, 1, 37, '2007-03-09');
      insert into music (genre_id, title, performer_id, composer_id, media_type_id, record_label_id, recording_date) values (2, 'Pytilia melba', 34, 11, 1, 12, '2014-01-29');
      insert into music (genre_id, title, performer_id, composer_id, media_type_id, record_label_id, recording_date) values (2, 'Papilio canadensis', 29, 12, 2, 19, '2015-09-18');
      insert into music (genre_id, title, performer_id, composer_id, media_type_id, record_label_id, recording_date) values (1, 'Pavo cristatus', 39, 25, 1, 3, '2022-12-13');
      insert into music (genre_id, title, performer_id, composer_id, media_type_id, record_label_id, recording_date) values (2, 'Pelecanus conspicillatus', 37, 46, 1, 18, '2019-02-26');
      insert into music (genre_id, title, performer_id, composer_id, media_type_id, record_label_id, recording_date) values (3, 'Myotis lucifugus', 39, 27, 1, 24, '2009-08-24');
      insert into music (genre_id, title, performer_id, composer_id, media_type_id, record_label_id, recording_date) values (1, 'Ovis musimon', 35, 45, 1, 5, '2003-11-18');
      insert into music (genre_id, title, performer_id, composer_id, media_type_id, record_label_id, recording_date) values (2, 'Mazama gouazoubira', 8, 18, 1, 10, '2002-07-21');
      insert into music (genre_id, title, performer_id, composer_id, media_type_id, record_label_id, recording_date) values (3, 'Cordylus giganteus', 28, 41, 1, 23, '2009-01-07');
      insert into music (genre_id, title, performer_id, composer_id, media_type_id, record_label_id, recording_date) values (2, 'Dendrocitta vagabunda', 45, 30, 2, 32, '2019-04-18');
      insert into music (genre_id, title, performer_id, composer_id, media_type_id, record_label_id, recording_date) values (1, 'Didelphis virginiana', 18, 46, 1, 24, '2016-10-10');
      insert into music (genre_id, title, performer_id, composer_id, media_type_id, record_label_id, recording_date) values (3, 'Corvus albicollis', 26, 22, 2, 9, '2000-08-05');
      insert into music (genre_id, title, performer_id, composer_id, media_type_id, record_label_id, recording_date) values (1, 'Phoenicopterus chilensis', 43, 28, 2, 13, '2011-06-09');
      insert into music (genre_id, title, performer_id, composer_id, media_type_id, record_label_id, recording_date) values (3, 'Grus rubicundus', 8, 5, 1, 21, '2010-03-13');
      insert into music (genre_id, title, performer_id, composer_id, media_type_id, record_label_id, recording_date) values (1, 'Platalea leucordia', 13, 18, 1, 30, '2014-04-27');
      insert into music (genre_id, title, performer_id, composer_id, media_type_id, record_label_id, recording_date) values (1, 'Varanus salvator', 39, 4, 1, 26, '2019-06-11');
      insert into music (genre_id, title, performer_id, composer_id, media_type_id, record_label_id, recording_date) values (3, 'Ploceus intermedius', 29, 38, 2, 34, '2023-09-23');
      insert into music (genre_id, title, performer_id, composer_id, media_type_id, record_label_id, recording_date) values (2, 'Spheniscus mendiculus', 14, 16, 1, 45, '2008-10-05');
      insert into music (genre_id, title, performer_id, composer_id, media_type_id, record_label_id, recording_date) values (2, 'Bubalus arnee', 38, 1, 2, 34, '2004-08-17');
      insert into music (genre_id, title, performer_id, composer_id, media_type_id, record_label_id, recording_date) values (1, 'Anitibyx armatus', 21, 16, 2, 18, '2017-07-05');
      insert into music (genre_id, title, performer_id, composer_id, media_type_id, record_label_id, recording_date) values (3, 'Sauromalus obesus', 31, 29, 1, 31, '2018-11-23');
      insert into music (genre_id, title, performer_id, composer_id, media_type_id, record_label_id, recording_date) values (3, 'Tadorna tadorna', 2, 27, 2, 32, '2002-03-22');
      insert into music (genre_id, title, performer_id, composer_id, media_type_id, record_label_id, recording_date) values (2, 'Pelecanus occidentalis', 4, 11, 2, 47, '2011-10-20');
      insert into music (genre_id, title, performer_id, composer_id, media_type_id, record_label_id, recording_date) values (1, 'Pelecans onocratalus', 23, 50, 2, 14, '2014-04-29');
      insert into music (genre_id, title, performer_id, composer_id, media_type_id, record_label_id, recording_date) values (2, 'Dasyurus maculatus', 18, 13, 2, 18, '2004-08-07');
      insert into music (genre_id, title, performer_id, composer_id, media_type_id, record_label_id, recording_date) values (2, 'Diceros bicornis', 8, 25, 1, 9, '2012-01-16');
      insert into music (genre_id, title, performer_id, composer_id, media_type_id, record_label_id, recording_date) values (3, 'Zonotrichia capensis', 31, 36, 1, 25, '2004-03-13');
      insert into music (genre_id, title, performer_id, composer_id, media_type_id, record_label_id, recording_date) values (2, 'Libellula quadrimaculata', 21, 4, 2, 15, '2016-12-01');
      insert into music (genre_id, title, performer_id, composer_id, media_type_id, record_label_id, recording_date) values (1, 'Eudromia elegans', 29, 30, 2, 45, '2014-01-02');
      insert into music (genre_id, title, performer_id, composer_id, media_type_id, record_label_id, recording_date) values (2, 'Microcebus murinus', 26, 34, 2, 36, '2021-12-25');
      insert into music (genre_id, title, performer_id, composer_id, media_type_id, record_label_id, recording_date) values (2, 'Certotrichas paena', 45, 7, 2, 24, '2000-10-18');
      insert into music (genre_id, title, performer_id, composer_id, media_type_id, record_label_id, recording_date) values (3, 'Damaliscus dorcas', 39, 30, 2, 6, '2018-10-19');
      insert into music (genre_id, title, performer_id, composer_id, media_type_id, record_label_id, recording_date) values (2, 'Alligator mississippiensis', 5, 41, 2, 19, '2014-03-01');
      insert into music (genre_id, title, performer_id, composer_id, media_type_id, record_label_id, recording_date) values (3, 'Heloderma horridum', 32, 22, 2, 1, '2002-03-10');
      insert into music (genre_id, title, performer_id, composer_id, media_type_id, record_label_id, recording_date) values (1, 'Boa constrictor mexicana', 34, 23, 1, 6, '2009-01-29');
      insert into music (genre_id, title, performer_id, composer_id, media_type_id, record_label_id, recording_date) values (2, 'Acrantophis madagascariensis', 33, 50, 1, 46, '2016-07-20');
      insert into music (genre_id, title, performer_id, composer_id, media_type_id, record_label_id, recording_date) values (1, 'Canis mesomelas', 28, 3, 2, 25, '2021-05-24');
      insert into music (genre_id, title, performer_id, composer_id, media_type_id, record_label_id, recording_date) values (2, 'Crocuta crocuta', 19, 33, 2, 43, '2014-05-23');
      insert into music (genre_id, title, performer_id, composer_id, media_type_id, record_label_id, recording_date) values (3, 'Mustela nigripes', 13, 36, 1, 11, '2023-06-11');
      insert into music (genre_id, title, performer_id, composer_id, media_type_id, record_label_id, recording_date) values (2, 'unavailable', 12, 36, 2, 45, '2008-03-26');
      insert into music (genre_id, title, performer_id, composer_id, media_type_id, record_label_id, recording_date) values (3, 'Philetairus socius', 39, 17, 2, 34, '2002-10-12');
      insert into music (genre_id, title, performer_id, composer_id, media_type_id, record_label_id, recording_date) values (1, 'Lycosa godeffroyi', 4, 3, 2, 31, '2018-04-13');
      insert into music (genre_id, title, performer_id, composer_id, media_type_id, record_label_id, recording_date) values (2, 'Uraeginthus granatina', 7, 13, 2, 36, '2017-06-19');
      insert into music (genre_id, title, performer_id, composer_id, media_type_id, record_label_id, recording_date) values (2, 'Bugeranus caruncalatus', 24, 3, 1, 22, '2002-06-13');
      insert into music (genre_id, title, performer_id, composer_id, media_type_id, record_label_id, recording_date) values (3, 'Ara chloroptera', 3, 21, 1, 7, '2012-03-01');
      insert into music (genre_id, title, performer_id, composer_id, media_type_id, record_label_id, recording_date) values (2, 'Pandon haliaetus', 44, 26, 1, 17, '2007-03-12');
      insert into music (genre_id, title, performer_id, composer_id, media_type_id, record_label_id, recording_date) values (3, 'Terrapene carolina', 42, 39, 2, 46, '2009-05-18');
      insert into music (genre_id, title, performer_id, composer_id, media_type_id, record_label_id, recording_date) values (2, 'Columba livia', 45, 14, 2, 44, '2000-08-02');
      insert into music (genre_id, title, performer_id, composer_id, media_type_id, record_label_id, recording_date) values (2, 'Aegypius tracheliotus', 21, 21, 2, 15, '2006-06-19');
      insert into music (genre_id, title, performer_id, composer_id, media_type_id, record_label_id, recording_date) values (2, 'Pseudalopex gymnocercus', 43, 17, 2, 22, '2019-01-27');
      insert into music (genre_id, title, performer_id, composer_id, media_type_id, record_label_id, recording_date) values (2, 'Iguana iguana', 33, 32, 1, 2, '2020-04-22');
      insert into music (genre_id, title, performer_id, composer_id, media_type_id, record_label_id, recording_date) values (3, 'Varanus salvator', 37, 25, 2, 30, '2017-12-27');
      insert into music (genre_id, title, performer_id, composer_id, media_type_id, record_label_id, recording_date) values (2, 'Chamaelo sp.', 6, 17, 1, 3, '2012-01-25');
      insert into music (genre_id, title, performer_id, composer_id, media_type_id, record_label_id, recording_date) values (3, 'Ovis dalli stonei', 21, 16, 2, 39, '2005-08-26');
      insert into music (genre_id, title, performer_id, composer_id, media_type_id, record_label_id, recording_date) values (2, 'Phalacrocorax niger', 5, 13, 2, 28, '2007-08-14');
      insert into music (genre_id, title, performer_id, composer_id, media_type_id, record_label_id, recording_date) values (3, 'unavailable', 11, 3, 2, 14, '2010-12-27');
      insert into music (genre_id, title, performer_id, composer_id, media_type_id, record_label_id, recording_date) values (1, 'Cyrtodactylus louisiadensis', 45, 5, 2, 4, '2003-03-13');
      insert into music (genre_id, title, performer_id, composer_id, media_type_id, record_label_id, recording_date) values (3, 'Sterna paradisaea', 45, 31, 2, 25, '2020-07-20');
      insert into music (genre_id, title, performer_id, composer_id, media_type_id, record_label_id, recording_date) values (2, 'Haliaetus leucogaster', 35, 34, 1, 29, '2019-06-20');
      insert into music (genre_id, title, performer_id, composer_id, media_type_id, record_label_id, recording_date) values (1, 'Tamandua tetradactyla', 46, 33, 1, 46, '2008-12-23');
      insert into music (genre_id, title, performer_id, composer_id, media_type_id, record_label_id, recording_date) values (1, 'Felis wiedi or Leopardus weidi', 44, 34, 2, 1, '2009-12-08');
      insert into music (genre_id, title, performer_id, composer_id, media_type_id, record_label_id, recording_date) values (3, 'Bubalus arnee', 14, 5, 1, 26, '2001-11-07');
      insert into music (genre_id, title, performer_id, composer_id, media_type_id, record_label_id, recording_date) values (2, 'Carduelis uropygialis', 31, 6, 2, 27, '2024-04-05');
      insert into music (genre_id, title, performer_id, composer_id, media_type_id, record_label_id, recording_date) values (3, 'unavailable', 30, 15, 1, 34, '2005-06-22');
      insert into music (genre_id, title, performer_id, composer_id, media_type_id, record_label_id, recording_date) values (2, 'Sciurus niger', 15, 13, 2, 35, '2012-03-04');
      insert into music (genre_id, title, performer_id, composer_id, media_type_id, record_label_id, recording_date) values (1, 'Ammospermophilus nelsoni', 13, 12, 2, 50, '2001-10-11');
      insert into music (genre_id, title, performer_id, composer_id, media_type_id, record_label_id, recording_date) values (2, 'Ploceus intermedius', 47, 20, 2, 24, '2018-02-03');
      insert into music (genre_id, title, performer_id, composer_id, media_type_id, record_label_id, recording_date) values (2, 'Cracticus nigroagularis', 27, 31, 2, 16, '2004-01-06');
      insert into music (genre_id, title, performer_id, composer_id, media_type_id, record_label_id, recording_date) values (1, 'Phalaropus fulicarius', 10, 6, 1, 27, '2005-05-31');
      insert into music (genre_id, title, performer_id, composer_id, media_type_id, record_label_id, recording_date) values (1, 'Isoodon obesulus', 32, 32, 2, 42, '2001-08-21');
      insert into music (genre_id, title, performer_id, composer_id, media_type_id, record_label_id, recording_date) values (2, 'Francolinus coqui', 44, 23, 2, 15, '2012-01-12');
      insert into music (genre_id, title, performer_id, composer_id, media_type_id, record_label_id, recording_date) values (1, 'Propithecus verreauxi', 50, 44, 1, 25, '2003-04-13');
      insert into music (genre_id, title, performer_id, composer_id, media_type_id, record_label_id, recording_date) values (2, 'Tragelaphus scriptus', 44, 48, 1, 42, '2012-01-14');
      insert into music (genre_id, title, performer_id, composer_id, media_type_id, record_label_id, recording_date) values (1, 'Tachybaptus ruficollis', 30, 12, 1, 9, '2013-04-19');
      insert into music (genre_id, title, performer_id, composer_id, media_type_id, record_label_id, recording_date) values (1, 'Macropus agilis', 2, 43, 2, 23, '2022-10-10');
      insert into music (genre_id, title, performer_id, composer_id, media_type_id, record_label_id, recording_date) values (3, 'Heloderma horridum', 50, 23, 2, 32, '2022-07-19');
      insert into music (genre_id, title, performer_id, composer_id, media_type_id, record_label_id, recording_date) values (1, 'Felis concolor', 9, 44, 2, 47, '2019-04-21');
      insert into music (genre_id, title, performer_id, composer_id, media_type_id, record_label_id, recording_date) values (1, 'Phoca vitulina', 37, 50, 1, 20, '2019-08-28');
      insert into music (genre_id, title, performer_id, composer_id, media_type_id, record_label_id, recording_date) values (3, 'Mycteria leucocephala', 44, 49, 2, 25, '2016-03-19');
      insert into music (genre_id, title, performer_id, composer_id, media_type_id, record_label_id, recording_date) values (3, 'Alopex lagopus', 37, 26, 2, 8, '2018-06-04');
      insert into music (genre_id, title, performer_id, composer_id, media_type_id, record_label_id, recording_date) values (1, 'Grus antigone', 35, 39, 2, 41, '2010-05-23');
      insert into music (genre_id, title, performer_id, composer_id, media_type_id, record_label_id, recording_date) values (3, 'Phalaropus fulicarius', 47, 17, 1, 43, '2014-12-23');
      insert into music (genre_id, title, performer_id, composer_id, media_type_id, record_label_id, recording_date) values (1, 'Lamprotornis superbus', 39, 41, 2, 8, '2023-09-21');
      insert into music (genre_id, title, performer_id, composer_id, media_type_id, record_label_id, recording_date) values (3, 'Plegadis falcinellus', 14, 21, 1, 40, '2012-08-21');
      insert into music (genre_id, title, performer_id, composer_id, media_type_id, record_label_id, recording_date) values (1, 'Ourebia ourebi', 26, 38, 2, 21, '2003-08-13');
      insert into music (genre_id, title, performer_id, composer_id, media_type_id, record_label_id, recording_date) values (1, 'Merops nubicus', 7, 12, 1, 28, '2005-06-14');
      insert into music (genre_id, title, performer_id, composer_id, media_type_id, record_label_id, recording_date) values (3, 'Leprocaulinus vipera', 17, 20, 2, 16, '2014-01-13');
      insert into music (genre_id, title, performer_id, composer_id, media_type_id, record_label_id, recording_date) values (1, 'Tyto novaehollandiae', 34, 2, 2, 5, '2023-10-09');
      insert into music (genre_id, title, performer_id, composer_id, media_type_id, record_label_id, recording_date) values (1, 'Ramphastos tucanus', 1, 35, 1, 22, '2005-05-25');
      insert into music (genre_id, title, performer_id, composer_id, media_type_id, record_label_id, recording_date) values (2, 'Chauna torquata', 1, 44, 1, 26, '2015-03-29');
      insert into music (genre_id, title, performer_id, composer_id, media_type_id, record_label_id, recording_date) values (2, 'Crocuta crocuta', 21, 33, 2, 31, '2018-06-17');
      insert into music (genre_id, title, performer_id, composer_id, media_type_id, record_label_id, recording_date) values (2, 'Catharacta skua', 14, 39, 2, 3, '2023-07-02');
      insert into music (genre_id, title, performer_id, composer_id, media_type_id, record_label_id, recording_date) values (3, 'Priodontes maximus', 4, 38, 1, 25, '2018-05-13');
      insert into music (genre_id, title, performer_id, composer_id, media_type_id, record_label_id, recording_date) values (3, 'Prionace glauca', 45, 50, 2, 16, '2014-07-14');
      insert into music (genre_id, title, performer_id, composer_id, media_type_id, record_label_id, recording_date) values (3, 'Neotis denhami', 43, 10, 1, 48, '2002-10-20');
      insert into music (genre_id, title, performer_id, composer_id, media_type_id, record_label_id, recording_date) values (1, 'Larus sp.', 35, 36, 2, 16, '2010-04-22');
      insert into music (genre_id, title, performer_id, composer_id, media_type_id, record_label_id, recording_date) values (1, 'Limnocorax flavirostra', 41, 1, 1, 12, '2006-02-08');
      insert into music (genre_id, title, performer_id, composer_id, media_type_id, record_label_id, recording_date) values (1, 'Haliaetus leucogaster', 14, 45, 1, 36, '2020-12-05');
      insert into music (genre_id, title, performer_id, composer_id, media_type_id, record_label_id, recording_date) values (2, 'Lycosa godeffroyi', 10, 50, 1, 46, '2022-02-21');
      insert into music (genre_id, title, performer_id, composer_id, media_type_id, record_label_id, recording_date) values (2, 'Recurvirostra avosetta', 12, 37, 1, 9, '2000-07-14');
      insert into music (genre_id, title, performer_id, composer_id, media_type_id, record_label_id, recording_date) values (2, 'Pelecans onocratalus', 6, 20, 2, 18, '2004-11-17');
      insert into music (genre_id, title, performer_id, composer_id, media_type_id, record_label_id, recording_date) values (3, 'Coluber constrictor', 44, 19, 1, 12, '2023-06-29');
      insert into music (genre_id, title, performer_id, composer_id, media_type_id, record_label_id, recording_date) values (3, 'Haliaeetus leucocephalus', 37, 5, 2, 15, '2002-10-23');
      insert into music (genre_id, title, performer_id, composer_id, media_type_id, record_label_id, recording_date) values (3, 'Erethizon dorsatum', 37, 26, 1, 9, '2001-07-17');
      insert into music (genre_id, title, performer_id, composer_id, media_type_id, record_label_id, recording_date) values (3, 'Iguana iguana', 12, 37, 1, 36, '2004-07-10');
      insert into music (genre_id, title, performer_id, composer_id, media_type_id, record_label_id, recording_date) values (3, 'Paraxerus cepapi', 17, 23, 1, 3, '2010-04-27');
      insert into music (genre_id, title, performer_id, composer_id, media_type_id, record_label_id, recording_date) values (3, 'Salvadora hexalepis', 41, 24, 2, 23, '2020-10-12');
      insert into music (genre_id, title, performer_id, composer_id, media_type_id, record_label_id, recording_date) values (3, 'Echimys chrysurus', 48, 7, 1, 23, '2007-10-21');
      insert into music (genre_id, title, performer_id, composer_id, media_type_id, record_label_id, recording_date) values (2, 'Dasyurus maculatus', 2, 6, 2, 22, '2014-04-27');
      insert into music (genre_id, title, performer_id, composer_id, media_type_id, record_label_id, recording_date) values (2, 'Uraeginthus granatina', 39, 32, 1, 7, '2002-02-21');
      insert into music (genre_id, title, performer_id, composer_id, media_type_id, record_label_id, recording_date) values (2, 'Ratufa indica', 33, 40, 2, 30, '2001-12-11');
      insert into music (genre_id, title, performer_id, composer_id, media_type_id, record_label_id, recording_date) values (3, 'Oryx gazella', 41, 22, 2, 49, '2001-06-28');
      insert into music (genre_id, title, performer_id, composer_id, media_type_id, record_label_id, recording_date) values (2, 'Eumetopias jubatus', 3, 3, 2, 25, '2005-03-27');
      insert into music (genre_id, title, performer_id, composer_id, media_type_id, record_label_id, recording_date) values (2, 'Ovis ammon', 20, 2, 2, 43, '2002-08-17');
      insert into music (genre_id, title, performer_id, composer_id, media_type_id, record_label_id, recording_date) values (1, 'Tyto novaehollandiae', 8, 10, 2, 19, '2012-02-18');
      insert into music (genre_id, title, performer_id, composer_id, media_type_id, record_label_id, recording_date) values (2, 'Ovis ammon', 4, 23, 2, 40, '2015-01-15');
      insert into music (genre_id, title, performer_id, composer_id, media_type_id, record_label_id, recording_date) values (3, 'Gymnorhina tibicen', 47, 38, 2, 3, '2017-08-28');
      insert into music (genre_id, title, performer_id, composer_id, media_type_id, record_label_id, recording_date) values (2, 'Thalasseus maximus', 10, 50, 1, 22, '2009-01-15');
      insert into music (genre_id, title, performer_id, composer_id, media_type_id, record_label_id, recording_date) values (1, 'Petaurus norfolcensis', 45, 47, 2, 12, '2007-06-27');
      insert into music (genre_id, title, performer_id, composer_id, media_type_id, record_label_id, recording_date) values (2, 'Mazama gouazoubira', 17, 19, 2, 11, '2024-01-28');
      insert into music (genre_id, title, performer_id, composer_id, media_type_id, record_label_id, recording_date) values (3, 'Varanus salvator', 28, 32, 1, 47, '2020-03-03');
      insert into music (genre_id, title, performer_id, composer_id, media_type_id, record_label_id, recording_date) values (1, 'Bos frontalis', 41, 8, 1, 27, '2013-05-28');
      insert into music (genre_id, title, performer_id, composer_id, media_type_id, record_label_id, recording_date) values (3, 'Hystrix cristata', 14, 47, 1, 38, '2005-02-23');
      insert into music (genre_id, title, performer_id, composer_id, media_type_id, record_label_id, recording_date) values (3, 'Francolinus swainsonii', 3, 15, 1, 32, '2022-09-26');
      insert into music (genre_id, title, performer_id, composer_id, media_type_id, record_label_id, recording_date) values (3, 'Hyaena hyaena', 23, 33, 1, 40, '2016-07-14');
      insert into music (genre_id, title, performer_id, composer_id, media_type_id, record_label_id, recording_date) values (2, 'Varanus albigularis', 7, 38, 1, 47, '2000-10-12');
      insert into music (genre_id, title, performer_id, composer_id, media_type_id, record_label_id, recording_date) values (2, 'Amphibolurus barbatus', 25, 17, 1, 32, '2023-01-04');
      insert into music (genre_id, title, performer_id, composer_id, media_type_id, record_label_id, recording_date) values (2, 'Phoca vitulina', 41, 37, 1, 25, '2010-02-23');
      insert into music (genre_id, title, performer_id, composer_id, media_type_id, record_label_id, recording_date) values (1, 'Geochelone elephantopus', 42, 24, 1, 36, '2023-01-16');
      insert into music (genre_id, title, performer_id, composer_id, media_type_id, record_label_id, recording_date) values (3, 'Tetracerus quadricornis', 2, 27, 2, 19, '2016-02-27');
      insert into music (genre_id, title, performer_id, composer_id, media_type_id, record_label_id, recording_date) values (1, 'Calyptorhynchus magnificus', 2, 11, 2, 3, '2020-03-20');
      insert into music (genre_id, title, performer_id, composer_id, media_type_id, record_label_id, recording_date) values (3, 'Eutamias minimus', 30, 27, 2, 7, '2014-06-08');
      insert into music (genre_id, title, performer_id, composer_id, media_type_id, record_label_id, recording_date) values (1, 'Vanellus armatus', 22, 44, 2, 14, '2007-06-02');
      insert into music (genre_id, title, performer_id, composer_id, media_type_id, record_label_id, recording_date) values (2, 'Columba livia', 10, 11, 2, 28, '2013-04-22');
      insert into music (genre_id, title, performer_id, composer_id, media_type_id, record_label_id, recording_date) values (1, 'Tiliqua scincoides', 17, 23, 2, 29, '2006-03-28');
      insert into music (genre_id, title, performer_id, composer_id, media_type_id, record_label_id, recording_date) values (1, 'Naja haje', 36, 4, 1, 7, '2000-08-06');
      insert into music (genre_id, title, performer_id, composer_id, media_type_id, record_label_id, recording_date) values (1, 'Orcinus orca', 19, 17, 1, 42, '2001-02-21');
      insert into music (genre_id, title, performer_id, composer_id, media_type_id, record_label_id, recording_date) values (1, 'Dasypus novemcinctus', 35, 41, 2, 2, '2023-02-25');
      insert into music (genre_id, title, performer_id, composer_id, media_type_id, record_label_id, recording_date) values (2, 'Acridotheres tristis', 26, 29, 2, 48, '2023-08-17');
      insert into music (genre_id, title, performer_id, composer_id, media_type_id, record_label_id, recording_date) values (2, 'Damaliscus lunatus', 21, 46, 2, 4, '2016-06-08');
      insert into music (genre_id, title, performer_id, composer_id, media_type_id, record_label_id, recording_date) values (3, 'Papio ursinus', 20, 14, 1, 11, '2013-07-19');
      insert into music (genre_id, title, performer_id, composer_id, media_type_id, record_label_id, recording_date) values (1, 'Dasypus novemcinctus', 3, 39, 2, 16, '2013-07-02');
      </sql>
  </changeSet>

  <changeSet id="init-playlist" author="dip4rip">
    <sql>
      insert into playlist (name, user_id) values ('Плейлист Васи №1', 1);
    </sql>
    <sql>
      insert into playlist_music (playlist_id, inventory_number) values (1, 1);
    </sql>
  </changeSet>

</databaseChangeLog>